20/07/15 00:02:43 WARN NativeCodeLoader: Unable to load native-hadoop library for your platform... using builtin-java classes where applicable
20/07/15 00:02:46 INFO SparkContext: Running Spark version 2.4.3
20/07/15 00:02:46 WARN SparkConf: Note that spark.local.dir will be overridden by the value set by the cluster manager (via SPARK_LOCAL_DIRS in mesos/standalone/kubernetes and LOCAL_DIRS in YARN).
20/07/15 00:02:46 INFO SparkContext: Submitted application: sparklyr
20/07/15 00:02:47 INFO SecurityManager: Changing view acls to: Dell
20/07/15 00:02:47 INFO SecurityManager: Changing modify acls to: Dell
20/07/15 00:02:47 INFO SecurityManager: Changing view acls groups to: 
20/07/15 00:02:47 INFO SecurityManager: Changing modify acls groups to: 
20/07/15 00:02:47 INFO SecurityManager: SecurityManager: authentication disabled; ui acls disabled; users  with view permissions: Set(Dell); groups with view permissions: Set(); users  with modify permissions: Set(Dell); groups with modify permissions: Set()
20/07/15 00:02:47 INFO Utils: Successfully started service 'sparkDriver' on port 50901.
20/07/15 00:02:47 INFO SparkEnv: Registering MapOutputTracker
20/07/15 00:02:47 INFO SparkEnv: Registering BlockManagerMaster
20/07/15 00:02:47 INFO BlockManagerMasterEndpoint: Using org.apache.spark.storage.DefaultTopologyMapper for getting topology information
20/07/15 00:02:47 INFO BlockManagerMasterEndpoint: BlockManagerMasterEndpoint up
20/07/15 00:02:47 INFO DiskBlockManager: Created local directory at C:\Users\Dell\AppData\Local\spark\spark-2.4.3-bin-hadoop2.7\tmp\local\blockmgr-cd6d9abc-e19f-4929-8582-2e250aa1590d
20/07/15 00:02:47 INFO MemoryStore: MemoryStore started with capacity 912.3 MB
20/07/15 00:02:47 INFO SparkEnv: Registering OutputCommitCoordinator
20/07/15 00:02:47 WARN Utils: The configured local directories are not expected to be URIs; however, got suspicious values [C:/Users/Dell/AppData/Local/spark/spark-2.4.3-bin-hadoop2.7/tmp/local]. Please check your configured local directories.
20/07/15 00:02:47 INFO Utils: Successfully started service 'SparkUI' on port 4040.
20/07/15 00:02:48 INFO SparkUI: Bound SparkUI to 127.0.0.1, and started at http://127.0.0.1:4040
20/07/15 00:02:48 INFO SparkContext: Added JAR file:/C:/Users/Dell/Documents/R/win-library/4.0/sparklyr/java/sparklyr-2.4-2.11.jar at spark://127.0.0.1:50901/jars/sparklyr-2.4-2.11.jar with timestamp 1594785768032
20/07/15 00:02:48 INFO Executor: Starting executor ID driver on host localhost
20/07/15 00:02:48 INFO Utils: Successfully started service 'org.apache.spark.network.netty.NettyBlockTransferService' on port 50922.
20/07/15 00:02:48 INFO NettyBlockTransferService: Server created on 127.0.0.1:50922
20/07/15 00:02:48 INFO BlockManager: Using org.apache.spark.storage.RandomBlockReplicationPolicy for block replication policy
20/07/15 00:02:48 INFO BlockManagerMaster: Registering BlockManager BlockManagerId(driver, 127.0.0.1, 50922, None)
20/07/15 00:02:48 INFO BlockManagerMasterEndpoint: Registering block manager 127.0.0.1:50922 with 912.3 MB RAM, BlockManagerId(driver, 127.0.0.1, 50922, None)
20/07/15 00:02:48 INFO BlockManagerMaster: Registered BlockManager BlockManagerId(driver, 127.0.0.1, 50922, None)
20/07/15 00:02:48 INFO BlockManager: Initialized BlockManager: BlockManagerId(driver, 127.0.0.1, 50922, None)
20/07/15 00:02:49 INFO SharedState: loading hive config file: file:/C:/Users/Dell/AppData/Local/spark/spark-2.4.3-bin-hadoop2.7/conf/hive-site.xml
20/07/15 00:02:49 INFO SharedState: Setting hive.metastore.warehouse.dir ('C:/Users/Dell/AppData/Local/spark/spark-2.4.3-bin-hadoop2.7/tmp/hive') to the value of spark.sql.warehouse.dir ('C:/Users/Dell/AppData/Local/spark/spark-2.4.3-bin-hadoop2.7/tmp/hive').
20/07/15 00:02:49 INFO SharedState: Warehouse path is 'C:/Users/Dell/AppData/Local/spark/spark-2.4.3-bin-hadoop2.7/tmp/hive'.
20/07/15 00:02:50 INFO StateStoreCoordinatorRef: Registered StateStoreCoordinator endpoint
20/07/15 00:02:54 INFO HiveUtils: Initializing HiveMetastoreConnection version 1.2.1 using Spark classes.
20/07/15 00:02:55 INFO HiveMetaStore: 0: Opening raw store with implemenation class:org.apache.hadoop.hive.metastore.ObjectStore
20/07/15 00:02:55 INFO ObjectStore: ObjectStore, initialize called
20/07/15 00:02:56 INFO Persistence: Propiedad hive.metastore.integral.jdo.pushdown desconocida - vamos a ignorarla
20/07/15 00:02:56 INFO Persistence: Propiedad datanucleus.cache.level2 desconocida - vamos a ignorarla
20/07/15 00:02:58 INFO ObjectStore: Setting MetaStore object pin classes with hive.metastore.cache.pinobjtypes="Table,StorageDescriptor,SerDeInfo,Partition,Database,Type,FieldSchema,Order"
20/07/15 00:03:00 INFO Datastore: La clase "org.apache.hadoop.hive.metastore.model.MFieldSchema" es "embedded-only" asi que no tiene su propia tabla.
20/07/15 00:03:00 INFO Datastore: La clase "org.apache.hadoop.hive.metastore.model.MOrder" es "embedded-only" asi que no tiene su propia tabla.
20/07/15 00:03:00 INFO Datastore: La clase "org.apache.hadoop.hive.metastore.model.MFieldSchema" es "embedded-only" asi que no tiene su propia tabla.
20/07/15 00:03:00 INFO Datastore: La clase "org.apache.hadoop.hive.metastore.model.MOrder" es "embedded-only" asi que no tiene su propia tabla.
20/07/15 00:03:01 INFO MetaStoreDirectSql: Using direct SQL, underlying DB is DERBY
20/07/15 00:03:01 INFO ObjectStore: Initialized ObjectStore
20/07/15 00:03:01 WARN ObjectStore: Version information not found in metastore. hive.metastore.schema.verification is not enabled so recording the schema version 1.2.0
20/07/15 00:03:01 WARN ObjectStore: Failed to get database default, returning NoSuchObjectException
20/07/15 00:03:01 INFO HiveMetaStore: Added admin role in metastore
20/07/15 00:03:01 INFO HiveMetaStore: Added public role in metastore
20/07/15 00:03:01 INFO HiveMetaStore: No user is added in admin role, since config is empty
20/07/15 00:03:01 INFO HiveMetaStore: 0: get_all_databases
20/07/15 00:03:01 INFO audit: ugi=Dell	ip=unknown-ip-addr	cmd=get_all_databases	
20/07/15 00:03:01 INFO HiveMetaStore: 0: get_functions: db=default pat=*
20/07/15 00:03:01 INFO audit: ugi=Dell	ip=unknown-ip-addr	cmd=get_functions: db=default pat=*	
20/07/15 00:03:01 INFO Datastore: La clase "org.apache.hadoop.hive.metastore.model.MResourceUri" es "embedded-only" asi que no tiene su propia tabla.
20/07/15 00:03:02 INFO SessionState: Created local directory: C:/Users/Dell/AppData/Local/Temp/54240319-f37f-43f1-ab25-662f7699edb7_resources
20/07/15 00:03:02 INFO SessionState: Created HDFS directory: C:/Users/Dell/AppData/Local/spark/spark-2.4.3-bin-hadoop2.7/tmp/hive/Dell/54240319-f37f-43f1-ab25-662f7699edb7
20/07/15 00:03:02 INFO SessionState: Created local directory: C:/Users/Dell/AppData/Local/spark/spark-2.4.3-bin-hadoop2.7/tmp/hive/54240319-f37f-43f1-ab25-662f7699edb7
20/07/15 00:03:02 INFO SessionState: Created HDFS directory: C:/Users/Dell/AppData/Local/spark/spark-2.4.3-bin-hadoop2.7/tmp/hive/Dell/54240319-f37f-43f1-ab25-662f7699edb7/_tmp_space.db
20/07/15 00:03:02 INFO HiveClientImpl: Warehouse location for Hive client (version 1.2.2) is C:/Users/Dell/AppData/Local/spark/spark-2.4.3-bin-hadoop2.7/tmp/hive
20/07/15 00:03:02 INFO HiveMetaStore: 0: get_database: default
20/07/15 00:03:02 INFO audit: ugi=Dell	ip=unknown-ip-addr	cmd=get_database: default	
20/07/15 00:03:02 INFO HiveMetaStore: 0: get_database: global_temp
20/07/15 00:03:02 INFO audit: ugi=Dell	ip=unknown-ip-addr	cmd=get_database: global_temp	
20/07/15 00:03:02 WARN ObjectStore: Failed to get database global_temp, returning NoSuchObjectException
20/07/15 00:03:02 INFO HiveMetaStore: 0: get_database: default
20/07/15 00:03:02 INFO audit: ugi=Dell	ip=unknown-ip-addr	cmd=get_database: default	
20/07/15 00:03:02 INFO HiveMetaStore: 0: get_database: default
20/07/15 00:03:02 INFO audit: ugi=Dell	ip=unknown-ip-addr	cmd=get_database: default	
20/07/15 00:03:02 INFO HiveMetaStore: 0: get_tables: db=default pat=*
20/07/15 00:03:02 INFO audit: ugi=Dell	ip=unknown-ip-addr	cmd=get_tables: db=default pat=*	
20/07/15 00:03:03 INFO CodeGenerator: Code generated in 299.9734 ms
20/07/15 00:03:03 INFO ContextCleaner: Cleaned accumulator 1
20/07/15 00:03:04 INFO CodeGenerator: Code generated in 23.5229 ms
20/07/15 00:03:04 INFO CodeGenerator: Code generated in 15.069 ms
20/07/15 00:03:04 INFO SparkContext: Starting job: count at utils.scala:114
20/07/15 00:03:04 INFO DAGScheduler: Registering RDD 3 (count at utils.scala:114)
20/07/15 00:03:04 INFO DAGScheduler: Got job 0 (count at utils.scala:114) with 1 output partitions
20/07/15 00:03:04 INFO DAGScheduler: Final stage: ResultStage 1 (count at utils.scala:114)
20/07/15 00:03:04 INFO DAGScheduler: Parents of final stage: List(ShuffleMapStage 0)
20/07/15 00:03:04 INFO DAGScheduler: Missing parents: List(ShuffleMapStage 0)
20/07/15 00:03:04 INFO DAGScheduler: Submitting ShuffleMapStage 0 (MapPartitionsRDD[3] at count at utils.scala:114), which has no missing parents
20/07/15 00:03:04 INFO MemoryStore: Block broadcast_0 stored as values in memory (estimated size 7.9 KB, free 912.3 MB)
20/07/15 00:03:04 INFO MemoryStore: Block broadcast_0_piece0 stored as bytes in memory (estimated size 4.2 KB, free 912.3 MB)
20/07/15 00:03:04 INFO BlockManagerInfo: Added broadcast_0_piece0 in memory on 127.0.0.1:50922 (size: 4.2 KB, free: 912.3 MB)
20/07/15 00:03:05 INFO SparkContext: Created broadcast 0 from broadcast at DAGScheduler.scala:1161
20/07/15 00:03:05 INFO DAGScheduler: Submitting 1 missing tasks from ShuffleMapStage 0 (MapPartitionsRDD[3] at count at utils.scala:114) (first 15 tasks are for partitions Vector(0))
20/07/15 00:03:05 INFO TaskSchedulerImpl: Adding task set 0.0 with 1 tasks
20/07/15 00:03:05 INFO TaskSetManager: Starting task 0.0 in stage 0.0 (TID 0, localhost, executor driver, partition 0, PROCESS_LOCAL, 7882 bytes)
20/07/15 00:03:05 INFO Executor: Running task 0.0 in stage 0.0 (TID 0)
20/07/15 00:03:05 INFO Executor: Fetching spark://127.0.0.1:50901/jars/sparklyr-2.4-2.11.jar with timestamp 1594785768032
20/07/15 00:03:05 INFO TransportClientFactory: Successfully created connection to /127.0.0.1:50901 after 39 ms (0 ms spent in bootstraps)
20/07/15 00:03:05 INFO Utils: Fetching spark://127.0.0.1:50901/jars/sparklyr-2.4-2.11.jar to C:\Users\Dell\AppData\Local\spark\spark-2.4.3-bin-hadoop2.7\tmp\local\spark-2fdf0f75-0059-4858-ba4d-062ed14bbad1\userFiles-e80ee6ea-8b6a-4a10-ac80-1792e4c9b05f\fetchFileTemp7109820225753312685.tmp
20/07/15 00:03:05 INFO Executor: Adding file:/C:/Users/Dell/AppData/Local/spark/spark-2.4.3-bin-hadoop2.7/tmp/local/spark-2fdf0f75-0059-4858-ba4d-062ed14bbad1/userFiles-e80ee6ea-8b6a-4a10-ac80-1792e4c9b05f/sparklyr-2.4-2.11.jar to class loader
20/07/15 00:03:05 INFO Executor: Finished task 0.0 in stage 0.0 (TID 0). 1585 bytes result sent to driver
20/07/15 00:03:05 INFO TaskSetManager: Finished task 0.0 in stage 0.0 (TID 0) in 793 ms on localhost (executor driver) (1/1)
20/07/15 00:03:05 INFO TaskSchedulerImpl: Removed TaskSet 0.0, whose tasks have all completed, from pool 
20/07/15 00:03:05 INFO DAGScheduler: ShuffleMapStage 0 (count at utils.scala:114) finished in 1,247 s
20/07/15 00:03:05 INFO DAGScheduler: looking for newly runnable stages
20/07/15 00:03:05 INFO DAGScheduler: running: Set()
20/07/15 00:03:05 INFO DAGScheduler: waiting: Set(ResultStage 1)
20/07/15 00:03:05 INFO DAGScheduler: failed: Set()
20/07/15 00:03:05 INFO DAGScheduler: Submitting ResultStage 1 (MapPartitionsRDD[6] at count at utils.scala:114), which has no missing parents
20/07/15 00:03:05 INFO MemoryStore: Block broadcast_1 stored as values in memory (estimated size 7.1 KB, free 912.3 MB)
20/07/15 00:03:05 INFO MemoryStore: Block broadcast_1_piece0 stored as bytes in memory (estimated size 3.8 KB, free 912.3 MB)
20/07/15 00:03:05 INFO BlockManagerInfo: Added broadcast_1_piece0 in memory on 127.0.0.1:50922 (size: 3.8 KB, free: 912.3 MB)
20/07/15 00:03:05 INFO SparkContext: Created broadcast 1 from broadcast at DAGScheduler.scala:1161
20/07/15 00:03:05 INFO DAGScheduler: Submitting 1 missing tasks from ResultStage 1 (MapPartitionsRDD[6] at count at utils.scala:114) (first 15 tasks are for partitions Vector(0))
20/07/15 00:03:05 INFO TaskSchedulerImpl: Adding task set 1.0 with 1 tasks
20/07/15 00:03:05 INFO TaskSetManager: Starting task 0.0 in stage 1.0 (TID 1, localhost, executor driver, partition 0, ANY, 7767 bytes)
20/07/15 00:03:05 INFO Executor: Running task 0.0 in stage 1.0 (TID 1)
20/07/15 00:03:06 INFO ShuffleBlockFetcherIterator: Getting 1 non-empty blocks including 1 local blocks and 0 remote blocks
20/07/15 00:03:06 INFO ShuffleBlockFetcherIterator: Started 0 remote fetches in 11 ms
20/07/15 00:03:06 INFO Executor: Finished task 0.0 in stage 1.0 (TID 1). 1732 bytes result sent to driver
20/07/15 00:03:06 INFO TaskSetManager: Finished task 0.0 in stage 1.0 (TID 1) in 75 ms on localhost (executor driver) (1/1)
20/07/15 00:03:06 INFO TaskSchedulerImpl: Removed TaskSet 1.0, whose tasks have all completed, from pool 
20/07/15 00:03:06 INFO DAGScheduler: ResultStage 1 (count at utils.scala:114) finished in 0,097 s
20/07/15 00:03:06 INFO DAGScheduler: Job 0 finished: count at utils.scala:114, took 1,658471 s
20/07/15 00:03:06 INFO HiveMetaStore: 0: get_database: default
20/07/15 00:03:06 INFO audit: ugi=Dell	ip=unknown-ip-addr	cmd=get_database: default	
20/07/15 00:03:06 INFO HiveMetaStore: 0: get_database: default
20/07/15 00:03:06 INFO audit: ugi=Dell	ip=unknown-ip-addr	cmd=get_database: default	
20/07/15 00:03:06 INFO HiveMetaStore: 0: get_tables: db=default pat=*
20/07/15 00:03:06 INFO audit: ugi=Dell	ip=unknown-ip-addr	cmd=get_tables: db=default pat=*	
20/07/15 00:03:06 INFO SparkContext: Starting job: count at utils.scala:114
20/07/15 00:03:06 INFO DAGScheduler: Registering RDD 10 (count at utils.scala:114)
20/07/15 00:03:06 INFO DAGScheduler: Got job 1 (count at utils.scala:114) with 1 output partitions
20/07/15 00:03:06 INFO DAGScheduler: Final stage: ResultStage 3 (count at utils.scala:114)
20/07/15 00:03:06 INFO DAGScheduler: Parents of final stage: List(ShuffleMapStage 2)
20/07/15 00:03:06 INFO DAGScheduler: Missing parents: List(ShuffleMapStage 2)
20/07/15 00:03:06 INFO DAGScheduler: Submitting ShuffleMapStage 2 (MapPartitionsRDD[10] at count at utils.scala:114), which has no missing parents
20/07/15 00:03:06 INFO MemoryStore: Block broadcast_2 stored as values in memory (estimated size 7.9 KB, free 912.3 MB)
20/07/15 00:03:06 INFO MemoryStore: Block broadcast_2_piece0 stored as bytes in memory (estimated size 4.2 KB, free 912.3 MB)
20/07/15 00:03:06 INFO BlockManagerInfo: Added broadcast_2_piece0 in memory on 127.0.0.1:50922 (size: 4.2 KB, free: 912.3 MB)
20/07/15 00:03:06 INFO SparkContext: Created broadcast 2 from broadcast at DAGScheduler.scala:1161
20/07/15 00:03:06 INFO DAGScheduler: Submitting 1 missing tasks from ShuffleMapStage 2 (MapPartitionsRDD[10] at count at utils.scala:114) (first 15 tasks are for partitions Vector(0))
20/07/15 00:03:06 INFO TaskSchedulerImpl: Adding task set 2.0 with 1 tasks
20/07/15 00:03:06 INFO TaskSetManager: Starting task 0.0 in stage 2.0 (TID 2, localhost, executor driver, partition 0, PROCESS_LOCAL, 7882 bytes)
20/07/15 00:03:06 INFO Executor: Running task 0.0 in stage 2.0 (TID 2)
20/07/15 00:03:06 INFO Executor: Finished task 0.0 in stage 2.0 (TID 2). 1413 bytes result sent to driver
20/07/15 00:03:06 INFO TaskSetManager: Finished task 0.0 in stage 2.0 (TID 2) in 19 ms on localhost (executor driver) (1/1)
20/07/15 00:03:06 INFO TaskSchedulerImpl: Removed TaskSet 2.0, whose tasks have all completed, from pool 
20/07/15 00:03:06 INFO DAGScheduler: ShuffleMapStage 2 (count at utils.scala:114) finished in 0,031 s
20/07/15 00:03:06 INFO DAGScheduler: looking for newly runnable stages
20/07/15 00:03:06 INFO DAGScheduler: running: Set()
20/07/15 00:03:06 INFO DAGScheduler: waiting: Set(ResultStage 3)
20/07/15 00:03:06 INFO DAGScheduler: failed: Set()
20/07/15 00:03:06 INFO DAGScheduler: Submitting ResultStage 3 (MapPartitionsRDD[13] at count at utils.scala:114), which has no missing parents
20/07/15 00:03:06 INFO MemoryStore: Block broadcast_3 stored as values in memory (estimated size 7.1 KB, free 912.3 MB)
20/07/15 00:03:06 INFO MemoryStore: Block broadcast_3_piece0 stored as bytes in memory (estimated size 3.8 KB, free 912.3 MB)
20/07/15 00:03:06 INFO BlockManagerInfo: Added broadcast_3_piece0 in memory on 127.0.0.1:50922 (size: 3.8 KB, free: 912.3 MB)
20/07/15 00:03:06 INFO SparkContext: Created broadcast 3 from broadcast at DAGScheduler.scala:1161
20/07/15 00:03:06 INFO DAGScheduler: Submitting 1 missing tasks from ResultStage 3 (MapPartitionsRDD[13] at count at utils.scala:114) (first 15 tasks are for partitions Vector(0))
20/07/15 00:03:06 INFO TaskSchedulerImpl: Adding task set 3.0 with 1 tasks
20/07/15 00:03:06 INFO TaskSetManager: Starting task 0.0 in stage 3.0 (TID 3, localhost, executor driver, partition 0, ANY, 7767 bytes)
20/07/15 00:03:06 INFO Executor: Running task 0.0 in stage 3.0 (TID 3)
20/07/15 00:03:06 INFO ShuffleBlockFetcherIterator: Getting 1 non-empty blocks including 1 local blocks and 0 remote blocks
20/07/15 00:03:06 INFO ShuffleBlockFetcherIterator: Started 0 remote fetches in 0 ms
20/07/15 00:03:06 INFO Executor: Finished task 0.0 in stage 3.0 (TID 3). 1689 bytes result sent to driver
20/07/15 00:03:06 INFO TaskSetManager: Finished task 0.0 in stage 3.0 (TID 3) in 7 ms on localhost (executor driver) (1/1)
20/07/15 00:03:06 INFO TaskSchedulerImpl: Removed TaskSet 3.0, whose tasks have all completed, from pool 
20/07/15 00:03:06 INFO DAGScheduler: ResultStage 3 (count at utils.scala:114) finished in 0,016 s
20/07/15 00:03:06 INFO DAGScheduler: Job 1 finished: count at utils.scala:114, took 0,054028 s
20/07/15 00:05:42 INFO ContextCleaner: Cleaned accumulator 67
20/07/15 00:05:42 INFO ContextCleaner: Cleaned accumulator 112
20/07/15 00:05:42 INFO BlockManagerInfo: Removed broadcast_1_piece0 on 127.0.0.1:50922 in memory (size: 3.8 KB, free: 912.3 MB)
20/07/15 00:05:42 INFO ContextCleaner: Cleaned accumulator 93
20/07/15 00:05:42 INFO ContextCleaner: Cleaned accumulator 94
20/07/15 00:05:42 INFO ContextCleaner: Cleaned accumulator 107
20/07/15 00:05:42 INFO ContextCleaner: Cleaned accumulator 121
20/07/15 00:05:42 INFO ContextCleaner: Cleaned accumulator 68
20/07/15 00:05:42 INFO ContextCleaner: Cleaned accumulator 111
20/07/15 00:05:42 INFO ContextCleaner: Cleaned accumulator 125
20/07/15 00:05:42 INFO BlockManagerInfo: Removed broadcast_3_piece0 on 127.0.0.1:50922 in memory (size: 3.8 KB, free: 912.3 MB)
20/07/15 00:05:42 INFO ContextCleaner: Cleaned accumulator 105
20/07/15 00:05:42 INFO ContextCleaner: Cleaned accumulator 126
20/07/15 00:05:42 INFO ContextCleaner: Cleaned accumulator 98
20/07/15 00:05:42 INFO ContextCleaner: Cleaned accumulator 131
20/07/15 00:05:42 INFO ContextCleaner: Cleaned accumulator 120
20/07/15 00:05:42 INFO ContextCleaner: Cleaned accumulator 66
20/07/15 00:05:42 INFO ContextCleaner: Cleaned accumulator 122
20/07/15 00:05:42 INFO ContextCleaner: Cleaned accumulator 127
20/07/15 00:05:42 INFO ContextCleaner: Cleaned accumulator 102
20/07/15 00:05:42 INFO ContextCleaner: Cleaned accumulator 83
20/07/15 00:05:42 INFO ContextCleaner: Cleaned accumulator 100
20/07/15 00:05:42 INFO ContextCleaner: Cleaned accumulator 114
20/07/15 00:05:42 INFO ContextCleaner: Cleaned accumulator 117
20/07/15 00:05:42 INFO ContextCleaner: Cleaned accumulator 101
20/07/15 00:05:42 INFO ContextCleaner: Cleaned accumulator 104
20/07/15 00:05:42 INFO ContextCleaner: Cleaned accumulator 108
20/07/15 00:05:42 INFO ContextCleaner: Cleaned accumulator 116
20/07/15 00:05:42 INFO ContextCleaner: Cleaned accumulator 71
20/07/15 00:05:42 INFO ContextCleaner: Cleaned accumulator 90
20/07/15 00:05:42 INFO ContextCleaner: Cleaned accumulator 128
20/07/15 00:05:42 INFO ContextCleaner: Cleaned accumulator 89
20/07/15 00:05:42 INFO ContextCleaner: Cleaned accumulator 95
20/07/15 00:05:42 INFO ContextCleaner: Cleaned accumulator 87
20/07/15 00:05:42 INFO ContextCleaner: Cleaned accumulator 113
20/07/15 00:05:42 INFO ContextCleaner: Cleaned accumulator 74
20/07/15 00:05:42 INFO ContextCleaner: Cleaned accumulator 75
20/07/15 00:05:42 INFO ContextCleaner: Cleaned accumulator 106
20/07/15 00:05:42 INFO ContextCleaner: Cleaned accumulator 70
20/07/15 00:05:42 INFO ContextCleaner: Cleaned accumulator 103
20/07/15 00:05:42 INFO ContextCleaner: Cleaned shuffle 1
20/07/15 00:05:42 INFO ContextCleaner: Cleaned accumulator 84
20/07/15 00:05:42 INFO ContextCleaner: Cleaned accumulator 129
20/07/15 00:05:42 INFO ContextCleaner: Cleaned accumulator 130
20/07/15 00:05:42 INFO ContextCleaner: Cleaned accumulator 72
20/07/15 00:05:42 INFO ContextCleaner: Cleaned accumulator 96
20/07/15 00:05:42 INFO ContextCleaner: Cleaned accumulator 97
20/07/15 00:05:42 INFO ContextCleaner: Cleaned accumulator 73
20/07/15 00:05:42 INFO ContextCleaner: Cleaned accumulator 92
20/07/15 00:05:42 INFO ContextCleaner: Cleaned accumulator 115
20/07/15 00:05:42 INFO ContextCleaner: Cleaned accumulator 76
20/07/15 00:05:42 INFO ContextCleaner: Cleaned accumulator 80
20/07/15 00:05:42 INFO ContextCleaner: Cleaned accumulator 124
20/07/15 00:05:42 INFO ContextCleaner: Cleaned accumulator 119
20/07/15 00:05:42 INFO ContextCleaner: Cleaned accumulator 77
20/07/15 00:05:42 INFO ContextCleaner: Cleaned accumulator 85
20/07/15 00:05:42 INFO ContextCleaner: Cleaned accumulator 123
20/07/15 00:05:42 INFO ContextCleaner: Cleaned accumulator 69
20/07/15 00:05:42 INFO ContextCleaner: Cleaned accumulator 88
20/07/15 00:05:42 INFO BlockManagerInfo: Removed broadcast_2_piece0 on 127.0.0.1:50922 in memory (size: 4.2 KB, free: 912.3 MB)
20/07/15 00:05:42 INFO ContextCleaner: Cleaned accumulator 82
20/07/15 00:05:42 INFO ContextCleaner: Cleaned accumulator 99
20/07/15 00:05:42 INFO ContextCleaner: Cleaned accumulator 91
20/07/15 00:05:42 INFO ContextCleaner: Cleaned accumulator 79
20/07/15 00:05:42 INFO ContextCleaner: Cleaned accumulator 81
20/07/15 00:05:42 INFO ContextCleaner: Cleaned accumulator 78
20/07/15 00:05:42 INFO ContextCleaner: Cleaned accumulator 109
20/07/15 00:05:42 INFO ContextCleaner: Cleaned accumulator 118
20/07/15 00:05:42 INFO ContextCleaner: Cleaned accumulator 110
20/07/15 00:05:42 INFO ContextCleaner: Cleaned accumulator 86
20/07/15 00:09:50 INFO SparkContext: Invoking stop() from shutdown hook
20/07/15 00:09:50 INFO SparkUI: Stopped Spark web UI at http://127.0.0.1:4040
20/07/15 00:09:50 INFO MapOutputTrackerMasterEndpoint: MapOutputTrackerMasterEndpoint stopped!
20/07/15 00:09:50 INFO MemoryStore: MemoryStore cleared
20/07/15 00:09:50 INFO BlockManager: BlockManager stopped
20/07/15 00:09:50 INFO BlockManagerMaster: BlockManagerMaster stopped
20/07/15 00:09:50 INFO OutputCommitCoordinator$OutputCommitCoordinatorEndpoint: OutputCommitCoordinator stopped!
20/07/15 00:09:50 WARN SparkEnv: Exception while deleting Spark temp dir: C:\Users\Dell\AppData\Local\spark\spark-2.4.3-bin-hadoop2.7\tmp\local\spark-2fdf0f75-0059-4858-ba4d-062ed14bbad1\userFiles-e80ee6ea-8b6a-4a10-ac80-1792e4c9b05f
java.io.IOException: Failed to delete: C:\Users\Dell\AppData\Local\spark\spark-2.4.3-bin-hadoop2.7\tmp\local\spark-2fdf0f75-0059-4858-ba4d-062ed14bbad1\userFiles-e80ee6ea-8b6a-4a10-ac80-1792e4c9b05f\sparklyr-2.4-2.11.jar
	at org.apache.spark.network.util.JavaUtils.deleteRecursivelyUsingJavaIO(JavaUtils.java:144)
	at org.apache.spark.network.util.JavaUtils.deleteRecursively(JavaUtils.java:118)
	at org.apache.spark.network.util.JavaUtils.deleteRecursivelyUsingJavaIO(JavaUtils.java:128)
	at org.apache.spark.network.util.JavaUtils.deleteRecursively(JavaUtils.java:118)
	at org.apache.spark.network.util.JavaUtils.deleteRecursively(JavaUtils.java:91)
	at org.apache.spark.util.Utils$.deleteRecursively(Utils.scala:1062)
	at org.apache.spark.SparkEnv.stop(SparkEnv.scala:103)
	at org.apache.spark.SparkContext$$anonfun$stop$11.apply$mcV$sp(SparkContext.scala:1974)
	at org.apache.spark.util.Utils$.tryLogNonFatalError(Utils.scala:1340)
	at org.apache.spark.SparkContext.stop(SparkContext.scala:1973)
	at org.apache.spark.SparkContext$$anonfun$2.apply$mcV$sp(SparkContext.scala:575)
	at org.apache.spark.util.SparkShutdownHook.run(ShutdownHookManager.scala:216)
	at org.apache.spark.util.SparkShutdownHookManager$$anonfun$runAll$1$$anonfun$apply$mcV$sp$1.apply$mcV$sp(ShutdownHookManager.scala:188)
	at org.apache.spark.util.SparkShutdownHookManager$$anonfun$runAll$1$$anonfun$apply$mcV$sp$1.apply(ShutdownHookManager.scala:188)
	at org.apache.spark.util.SparkShutdownHookManager$$anonfun$runAll$1$$anonfun$apply$mcV$sp$1.apply(ShutdownHookManager.scala:188)
	at org.apache.spark.util.Utils$.logUncaughtExceptions(Utils.scala:1945)
	at org.apache.spark.util.SparkShutdownHookManager$$anonfun$runAll$1.apply$mcV$sp(ShutdownHookManager.scala:188)
	at org.apache.spark.util.SparkShutdownHookManager$$anonfun$runAll$1.apply(ShutdownHookManager.scala:188)
	at org.apache.spark.util.SparkShutdownHookManager$$anonfun$runAll$1.apply(ShutdownHookManager.scala:188)
	at scala.util.Try$.apply(Try.scala:192)
	at org.apache.spark.util.SparkShutdownHookManager.runAll(ShutdownHookManager.scala:188)
	at org.apache.spark.util.SparkShutdownHookManager$$anon$2.run(ShutdownHookManager.scala:178)
	at org.apache.hadoop.util.ShutdownHookManager$1.run(ShutdownHookManager.java:54)
20/07/15 00:09:50 INFO SparkContext: Successfully stopped SparkContext
20/07/15 00:09:50 INFO ShutdownHookManager: Shutdown hook called
20/07/15 00:09:50 INFO ShutdownHookManager: Deleting directory C:\Users\Dell\AppData\Local\spark\spark-2.4.3-bin-hadoop2.7\tmp\local\spark-2fdf0f75-0059-4858-ba4d-062ed14bbad1\userFiles-e80ee6ea-8b6a-4a10-ac80-1792e4c9b05f
20/07/15 00:09:50 ERROR ShutdownHookManager: Exception while deleting Spark temp dir: C:\Users\Dell\AppData\Local\spark\spark-2.4.3-bin-hadoop2.7\tmp\local\spark-2fdf0f75-0059-4858-ba4d-062ed14bbad1\userFiles-e80ee6ea-8b6a-4a10-ac80-1792e4c9b05f
java.io.IOException: Failed to delete: C:\Users\Dell\AppData\Local\spark\spark-2.4.3-bin-hadoop2.7\tmp\local\spark-2fdf0f75-0059-4858-ba4d-062ed14bbad1\userFiles-e80ee6ea-8b6a-4a10-ac80-1792e4c9b05f\sparklyr-2.4-2.11.jar
	at org.apache.spark.network.util.JavaUtils.deleteRecursivelyUsingJavaIO(JavaUtils.java:144)
	at org.apache.spark.network.util.JavaUtils.deleteRecursively(JavaUtils.java:118)
	at org.apache.spark.network.util.JavaUtils.deleteRecursivelyUsingJavaIO(JavaUtils.java:128)
	at org.apache.spark.network.util.JavaUtils.deleteRecursively(JavaUtils.java:118)
	at org.apache.spark.network.util.JavaUtils.deleteRecursively(JavaUtils.java:91)
	at org.apache.spark.util.Utils$.deleteRecursively(Utils.scala:1062)
	at org.apache.spark.util.ShutdownHookManager$$anonfun$1$$anonfun$apply$mcV$sp$3.apply(ShutdownHookManager.scala:65)
	at org.apache.spark.util.ShutdownHookManager$$anonfun$1$$anonfun$apply$mcV$sp$3.apply(ShutdownHookManager.scala:62)
	at scala.collection.IndexedSeqOptimized$class.foreach(IndexedSeqOptimized.scala:33)
	at scala.collection.mutable.ArrayOps$ofRef.foreach(ArrayOps.scala:186)
	at org.apache.spark.util.ShutdownHookManager$$anonfun$1.apply$mcV$sp(ShutdownHookManager.scala:62)
	at org.apache.spark.util.SparkShutdownHook.run(ShutdownHookManager.scala:216)
	at org.apache.spark.util.SparkShutdownHookManager$$anonfun$runAll$1$$anonfun$apply$mcV$sp$1.apply$mcV$sp(ShutdownHookManager.scala:188)
	at org.apache.spark.util.SparkShutdownHookManager$$anonfun$runAll$1$$anonfun$apply$mcV$sp$1.apply(ShutdownHookManager.scala:188)
	at org.apache.spark.util.SparkShutdownHookManager$$anonfun$runAll$1$$anonfun$apply$mcV$sp$1.apply(ShutdownHookManager.scala:188)
	at org.apache.spark.util.Utils$.logUncaughtExceptions(Utils.scala:1945)
	at org.apache.spark.util.SparkShutdownHookManager$$anonfun$runAll$1.apply$mcV$sp(ShutdownHookManager.scala:188)
	at org.apache.spark.util.SparkShutdownHookManager$$anonfun$runAll$1.apply(ShutdownHookManager.scala:188)
	at org.apache.spark.util.SparkShutdownHookManager$$anonfun$runAll$1.apply(ShutdownHookManager.scala:188)
	at scala.util.Try$.apply(Try.scala:192)
	at org.apache.spark.util.SparkShutdownHookManager.runAll(ShutdownHookManager.scala:188)
	at org.apache.spark.util.SparkShutdownHookManager$$anon$2.run(ShutdownHookManager.scala:178)
	at org.apache.hadoop.util.ShutdownHookManager$1.run(ShutdownHookManager.java:54)
20/07/15 00:09:50 INFO ShutdownHookManager: Deleting directory C:\Users\Dell\AppData\Local\Temp\spark-08c9430b-bf69-432e-87c2-b72613b157c2
20/07/15 00:09:50 INFO ShutdownHookManager: Deleting directory C:\Users\Dell\AppData\Local\spark\spark-2.4.3-bin-hadoop2.7\tmp\local\spark-2fdf0f75-0059-4858-ba4d-062ed14bbad1
20/07/15 00:09:50 ERROR ShutdownHookManager: Exception while deleting Spark temp dir: C:\Users\Dell\AppData\Local\spark\spark-2.4.3-bin-hadoop2.7\tmp\local\spark-2fdf0f75-0059-4858-ba4d-062ed14bbad1
java.io.IOException: Failed to delete: C:\Users\Dell\AppData\Local\spark\spark-2.4.3-bin-hadoop2.7\tmp\local\spark-2fdf0f75-0059-4858-ba4d-062ed14bbad1\userFiles-e80ee6ea-8b6a-4a10-ac80-1792e4c9b05f\sparklyr-2.4-2.11.jar
	at org.apache.spark.network.util.JavaUtils.deleteRecursivelyUsingJavaIO(JavaUtils.java:144)
	at org.apache.spark.network.util.JavaUtils.deleteRecursively(JavaUtils.java:118)
	at org.apache.spark.network.util.JavaUtils.deleteRecursivelyUsingJavaIO(JavaUtils.java:128)
	at org.apache.spark.network.util.JavaUtils.deleteRecursively(JavaUtils.java:118)
	at org.apache.spark.network.util.JavaUtils.deleteRecursivelyUsingJavaIO(JavaUtils.java:128)
	at org.apache.spark.network.util.JavaUtils.deleteRecursively(JavaUtils.java:118)
	at org.apache.spark.network.util.JavaUtils.deleteRecursively(JavaUtils.java:91)
	at org.apache.spark.util.Utils$.deleteRecursively(Utils.scala:1062)
	at org.apache.spark.util.ShutdownHookManager$$anonfun$1$$anonfun$apply$mcV$sp$3.apply(ShutdownHookManager.scala:65)
	at org.apache.spark.util.ShutdownHookManager$$anonfun$1$$anonfun$apply$mcV$sp$3.apply(ShutdownHookManager.scala:62)
	at scala.collection.IndexedSeqOptimized$class.foreach(IndexedSeqOptimized.scala:33)
	at scala.collection.mutable.ArrayOps$ofRef.foreach(ArrayOps.scala:186)
	at org.apache.spark.util.ShutdownHookManager$$anonfun$1.apply$mcV$sp(ShutdownHookManager.scala:62)
	at org.apache.spark.util.SparkShutdownHook.run(ShutdownHookManager.scala:216)
	at org.apache.spark.util.SparkShutdownHookManager$$anonfun$runAll$1$$anonfun$apply$mcV$sp$1.apply$mcV$sp(ShutdownHookManager.scala:188)
	at org.apache.spark.util.SparkShutdownHookManager$$anonfun$runAll$1$$anonfun$apply$mcV$sp$1.apply(ShutdownHookManager.scala:188)
	at org.apache.spark.util.SparkShutdownHookManager$$anonfun$runAll$1$$anonfun$apply$mcV$sp$1.apply(ShutdownHookManager.scala:188)
	at org.apache.spark.util.Utils$.logUncaughtExceptions(Utils.scala:1945)
	at org.apache.spark.util.SparkShutdownHookManager$$anonfun$runAll$1.apply$mcV$sp(ShutdownHookManager.scala:188)
	at org.apache.spark.util.SparkShutdownHookManager$$anonfun$runAll$1.apply(ShutdownHookManager.scala:188)
	at org.apache.spark.util.SparkShutdownHookManager$$anonfun$runAll$1.apply(ShutdownHookManager.scala:188)
	at scala.util.Try$.apply(Try.scala:192)
	at org.apache.spark.util.SparkShutdownHookManager.runAll(ShutdownHookManager.scala:188)
	at org.apache.spark.util.SparkShutdownHookManager$$anon$2.run(ShutdownHookManager.scala:178)
	at org.apache.hadoop.util.ShutdownHookManager$1.run(ShutdownHookManager.java:54)
20/07/15 00:13:56 WARN NativeCodeLoader: Unable to load native-hadoop library for your platform... using builtin-java classes where applicable
20/07/15 00:13:59 INFO SparkContext: Running Spark version 2.4.3
20/07/15 00:13:59 WARN SparkConf: Note that spark.local.dir will be overridden by the value set by the cluster manager (via SPARK_LOCAL_DIRS in mesos/standalone/kubernetes and LOCAL_DIRS in YARN).
20/07/15 00:13:59 INFO SparkContext: Submitted application: sparklyr
20/07/15 00:13:59 INFO SecurityManager: Changing view acls to: Dell
20/07/15 00:13:59 INFO SecurityManager: Changing modify acls to: Dell
20/07/15 00:13:59 INFO SecurityManager: Changing view acls groups to: 
20/07/15 00:13:59 INFO SecurityManager: Changing modify acls groups to: 
20/07/15 00:13:59 INFO SecurityManager: SecurityManager: authentication disabled; ui acls disabled; users  with view permissions: Set(Dell); groups with view permissions: Set(); users  with modify permissions: Set(Dell); groups with modify permissions: Set()
20/07/15 00:13:59 INFO Utils: Successfully started service 'sparkDriver' on port 51183.
20/07/15 00:13:59 INFO SparkEnv: Registering MapOutputTracker
20/07/15 00:13:59 INFO SparkEnv: Registering BlockManagerMaster
20/07/15 00:13:59 INFO BlockManagerMasterEndpoint: Using org.apache.spark.storage.DefaultTopologyMapper for getting topology information
20/07/15 00:13:59 INFO BlockManagerMasterEndpoint: BlockManagerMasterEndpoint up
20/07/15 00:13:59 INFO DiskBlockManager: Created local directory at C:\Users\Dell\AppData\Local\spark\spark-2.4.3-bin-hadoop2.7\tmp\local\blockmgr-794f5aa1-8fc2-48b3-817a-c0ee2eb97813
20/07/15 00:13:59 INFO MemoryStore: MemoryStore started with capacity 912.3 MB
20/07/15 00:13:59 INFO SparkEnv: Registering OutputCommitCoordinator
20/07/15 00:13:59 WARN Utils: The configured local directories are not expected to be URIs; however, got suspicious values [C:/Users/Dell/AppData/Local/spark/spark-2.4.3-bin-hadoop2.7/tmp/local]. Please check your configured local directories.
20/07/15 00:13:59 INFO Utils: Successfully started service 'SparkUI' on port 4040.
20/07/15 00:13:59 INFO SparkUI: Bound SparkUI to 127.0.0.1, and started at http://127.0.0.1:4040
20/07/15 00:14:00 INFO SparkContext: Added JAR file:/C:/Users/Dell/Documents/R/win-library/4.0/sparklyr/java/sparklyr-2.4-2.11.jar at spark://127.0.0.1:51183/jars/sparklyr-2.4-2.11.jar with timestamp 1594786440010
20/07/15 00:14:00 INFO Executor: Starting executor ID driver on host localhost
20/07/15 00:14:00 INFO Utils: Successfully started service 'org.apache.spark.network.netty.NettyBlockTransferService' on port 51204.
20/07/15 00:14:00 INFO NettyBlockTransferService: Server created on 127.0.0.1:51204
20/07/15 00:14:00 INFO BlockManager: Using org.apache.spark.storage.RandomBlockReplicationPolicy for block replication policy
20/07/15 00:14:00 INFO BlockManagerMaster: Registering BlockManager BlockManagerId(driver, 127.0.0.1, 51204, None)
20/07/15 00:14:00 INFO BlockManagerMasterEndpoint: Registering block manager 127.0.0.1:51204 with 912.3 MB RAM, BlockManagerId(driver, 127.0.0.1, 51204, None)
20/07/15 00:14:00 INFO BlockManagerMaster: Registered BlockManager BlockManagerId(driver, 127.0.0.1, 51204, None)
20/07/15 00:14:00 INFO BlockManager: Initialized BlockManager: BlockManagerId(driver, 127.0.0.1, 51204, None)
20/07/15 00:14:00 INFO SharedState: loading hive config file: file:/C:/Users/Dell/AppData/Local/spark/spark-2.4.3-bin-hadoop2.7/conf/hive-site.xml
20/07/15 00:14:00 INFO SharedState: Setting hive.metastore.warehouse.dir ('C:/Users/Dell/AppData/Local/spark/spark-2.4.3-bin-hadoop2.7/tmp/hive') to the value of spark.sql.warehouse.dir ('C:/Users/Dell/AppData/Local/spark/spark-2.4.3-bin-hadoop2.7/tmp/hive').
20/07/15 00:14:00 INFO SharedState: Warehouse path is 'C:/Users/Dell/AppData/Local/spark/spark-2.4.3-bin-hadoop2.7/tmp/hive'.
20/07/15 00:14:01 INFO StateStoreCoordinatorRef: Registered StateStoreCoordinator endpoint
20/07/15 00:14:03 INFO HiveUtils: Initializing HiveMetastoreConnection version 1.2.1 using Spark classes.
20/07/15 00:14:04 INFO HiveMetaStore: 0: Opening raw store with implemenation class:org.apache.hadoop.hive.metastore.ObjectStore
20/07/15 00:14:04 INFO ObjectStore: ObjectStore, initialize called
20/07/15 00:14:04 INFO Persistence: Propiedad hive.metastore.integral.jdo.pushdown desconocida - vamos a ignorarla
20/07/15 00:14:04 INFO Persistence: Propiedad datanucleus.cache.level2 desconocida - vamos a ignorarla
20/07/15 00:14:05 INFO ObjectStore: Setting MetaStore object pin classes with hive.metastore.cache.pinobjtypes="Table,StorageDescriptor,SerDeInfo,Partition,Database,Type,FieldSchema,Order"
20/07/15 00:14:06 INFO Datastore: La clase "org.apache.hadoop.hive.metastore.model.MFieldSchema" es "embedded-only" asi que no tiene su propia tabla.
20/07/15 00:14:06 INFO Datastore: La clase "org.apache.hadoop.hive.metastore.model.MOrder" es "embedded-only" asi que no tiene su propia tabla.
20/07/15 00:14:07 INFO Datastore: La clase "org.apache.hadoop.hive.metastore.model.MFieldSchema" es "embedded-only" asi que no tiene su propia tabla.
20/07/15 00:14:07 INFO Datastore: La clase "org.apache.hadoop.hive.metastore.model.MOrder" es "embedded-only" asi que no tiene su propia tabla.
20/07/15 00:14:07 INFO MetaStoreDirectSql: Using direct SQL, underlying DB is DERBY
20/07/15 00:14:07 INFO ObjectStore: Initialized ObjectStore
20/07/15 00:14:07 WARN ObjectStore: Version information not found in metastore. hive.metastore.schema.verification is not enabled so recording the schema version 1.2.0
20/07/15 00:14:07 WARN ObjectStore: Failed to get database default, returning NoSuchObjectException
20/07/15 00:14:08 INFO HiveMetaStore: Added admin role in metastore
20/07/15 00:14:08 INFO HiveMetaStore: Added public role in metastore
20/07/15 00:14:08 INFO HiveMetaStore: No user is added in admin role, since config is empty
20/07/15 00:14:08 INFO HiveMetaStore: 0: get_all_databases
20/07/15 00:14:08 INFO audit: ugi=Dell	ip=unknown-ip-addr	cmd=get_all_databases	
20/07/15 00:14:08 INFO HiveMetaStore: 0: get_functions: db=default pat=*
20/07/15 00:14:08 INFO audit: ugi=Dell	ip=unknown-ip-addr	cmd=get_functions: db=default pat=*	
20/07/15 00:14:08 INFO Datastore: La clase "org.apache.hadoop.hive.metastore.model.MResourceUri" es "embedded-only" asi que no tiene su propia tabla.
20/07/15 00:14:08 INFO SessionState: Created local directory: C:/Users/Dell/AppData/Local/Temp/42b4b05f-b973-42b7-a98b-a3d80c7be481_resources
20/07/15 00:14:08 INFO SessionState: Created HDFS directory: C:/Users/Dell/AppData/Local/spark/spark-2.4.3-bin-hadoop2.7/tmp/hive/Dell/42b4b05f-b973-42b7-a98b-a3d80c7be481
20/07/15 00:14:08 INFO SessionState: Created local directory: C:/Users/Dell/AppData/Local/spark/spark-2.4.3-bin-hadoop2.7/tmp/hive/42b4b05f-b973-42b7-a98b-a3d80c7be481
20/07/15 00:14:08 INFO SessionState: Created HDFS directory: C:/Users/Dell/AppData/Local/spark/spark-2.4.3-bin-hadoop2.7/tmp/hive/Dell/42b4b05f-b973-42b7-a98b-a3d80c7be481/_tmp_space.db
20/07/15 00:14:08 INFO HiveClientImpl: Warehouse location for Hive client (version 1.2.2) is C:/Users/Dell/AppData/Local/spark/spark-2.4.3-bin-hadoop2.7/tmp/hive
20/07/15 00:14:08 INFO HiveMetaStore: 0: get_database: default
20/07/15 00:14:08 INFO audit: ugi=Dell	ip=unknown-ip-addr	cmd=get_database: default	
20/07/15 00:14:08 INFO HiveMetaStore: 0: get_database: global_temp
20/07/15 00:14:08 INFO audit: ugi=Dell	ip=unknown-ip-addr	cmd=get_database: global_temp	
20/07/15 00:14:08 WARN ObjectStore: Failed to get database global_temp, returning NoSuchObjectException
20/07/15 00:14:08 INFO HiveMetaStore: 0: get_database: default
20/07/15 00:14:08 INFO audit: ugi=Dell	ip=unknown-ip-addr	cmd=get_database: default	
20/07/15 00:14:08 INFO HiveMetaStore: 0: get_database: default
20/07/15 00:14:08 INFO audit: ugi=Dell	ip=unknown-ip-addr	cmd=get_database: default	
20/07/15 00:14:08 INFO HiveMetaStore: 0: get_tables: db=default pat=*
20/07/15 00:14:08 INFO audit: ugi=Dell	ip=unknown-ip-addr	cmd=get_tables: db=default pat=*	
20/07/15 00:14:09 INFO CodeGenerator: Code generated in 216.9026 ms
20/07/15 00:14:09 INFO ContextCleaner: Cleaned accumulator 1
20/07/15 00:14:09 INFO CodeGenerator: Code generated in 22.5673 ms
20/07/15 00:14:09 INFO CodeGenerator: Code generated in 13.572 ms
20/07/15 00:14:09 INFO SparkContext: Starting job: count at utils.scala:114
20/07/15 00:14:09 INFO DAGScheduler: Registering RDD 3 (count at utils.scala:114)
20/07/15 00:14:09 INFO DAGScheduler: Got job 0 (count at utils.scala:114) with 1 output partitions
20/07/15 00:14:09 INFO DAGScheduler: Final stage: ResultStage 1 (count at utils.scala:114)
20/07/15 00:14:09 INFO DAGScheduler: Parents of final stage: List(ShuffleMapStage 0)
20/07/15 00:14:10 INFO DAGScheduler: Missing parents: List(ShuffleMapStage 0)
20/07/15 00:14:10 INFO DAGScheduler: Submitting ShuffleMapStage 0 (MapPartitionsRDD[3] at count at utils.scala:114), which has no missing parents
20/07/15 00:14:10 INFO MemoryStore: Block broadcast_0 stored as values in memory (estimated size 7.9 KB, free 912.3 MB)
20/07/15 00:14:10 INFO MemoryStore: Block broadcast_0_piece0 stored as bytes in memory (estimated size 4.2 KB, free 912.3 MB)
20/07/15 00:14:10 INFO BlockManagerInfo: Added broadcast_0_piece0 in memory on 127.0.0.1:51204 (size: 4.2 KB, free: 912.3 MB)
20/07/15 00:14:10 INFO SparkContext: Created broadcast 0 from broadcast at DAGScheduler.scala:1161
20/07/15 00:14:10 INFO DAGScheduler: Submitting 1 missing tasks from ShuffleMapStage 0 (MapPartitionsRDD[3] at count at utils.scala:114) (first 15 tasks are for partitions Vector(0))
20/07/15 00:14:10 INFO TaskSchedulerImpl: Adding task set 0.0 with 1 tasks
20/07/15 00:14:10 INFO TaskSetManager: Starting task 0.0 in stage 0.0 (TID 0, localhost, executor driver, partition 0, PROCESS_LOCAL, 7882 bytes)
20/07/15 00:14:10 INFO Executor: Running task 0.0 in stage 0.0 (TID 0)
20/07/15 00:14:10 INFO Executor: Fetching spark://127.0.0.1:51183/jars/sparklyr-2.4-2.11.jar with timestamp 1594786440010
20/07/15 00:14:10 INFO TransportClientFactory: Successfully created connection to /127.0.0.1:51183 after 28 ms (0 ms spent in bootstraps)
20/07/15 00:14:10 INFO Utils: Fetching spark://127.0.0.1:51183/jars/sparklyr-2.4-2.11.jar to C:\Users\Dell\AppData\Local\spark\spark-2.4.3-bin-hadoop2.7\tmp\local\spark-5ba694bd-13f0-4384-a698-257c2cb2dc2c\userFiles-6209f12e-7ac0-4418-bc7f-d7ac9c084265\fetchFileTemp2523834313037627418.tmp
20/07/15 00:14:10 INFO Executor: Adding file:/C:/Users/Dell/AppData/Local/spark/spark-2.4.3-bin-hadoop2.7/tmp/local/spark-5ba694bd-13f0-4384-a698-257c2cb2dc2c/userFiles-6209f12e-7ac0-4418-bc7f-d7ac9c084265/sparklyr-2.4-2.11.jar to class loader
20/07/15 00:14:10 INFO Executor: Finished task 0.0 in stage 0.0 (TID 0). 1585 bytes result sent to driver
20/07/15 00:14:10 INFO TaskSetManager: Finished task 0.0 in stage 0.0 (TID 0) in 617 ms on localhost (executor driver) (1/1)
20/07/15 00:14:10 INFO TaskSchedulerImpl: Removed TaskSet 0.0, whose tasks have all completed, from pool 
20/07/15 00:14:10 INFO DAGScheduler: ShuffleMapStage 0 (count at utils.scala:114) finished in 0,825 s
20/07/15 00:14:10 INFO DAGScheduler: looking for newly runnable stages
20/07/15 00:14:10 INFO DAGScheduler: running: Set()
20/07/15 00:14:10 INFO DAGScheduler: waiting: Set(ResultStage 1)
20/07/15 00:14:10 INFO DAGScheduler: failed: Set()
20/07/15 00:14:10 INFO DAGScheduler: Submitting ResultStage 1 (MapPartitionsRDD[6] at count at utils.scala:114), which has no missing parents
20/07/15 00:14:10 INFO MemoryStore: Block broadcast_1 stored as values in memory (estimated size 7.1 KB, free 912.3 MB)
20/07/15 00:14:10 INFO MemoryStore: Block broadcast_1_piece0 stored as bytes in memory (estimated size 3.8 KB, free 912.3 MB)
20/07/15 00:14:10 INFO BlockManagerInfo: Added broadcast_1_piece0 in memory on 127.0.0.1:51204 (size: 3.8 KB, free: 912.3 MB)
20/07/15 00:14:10 INFO SparkContext: Created broadcast 1 from broadcast at DAGScheduler.scala:1161
20/07/15 00:14:10 INFO DAGScheduler: Submitting 1 missing tasks from ResultStage 1 (MapPartitionsRDD[6] at count at utils.scala:114) (first 15 tasks are for partitions Vector(0))
20/07/15 00:14:10 INFO TaskSchedulerImpl: Adding task set 1.0 with 1 tasks
20/07/15 00:14:10 INFO TaskSetManager: Starting task 0.0 in stage 1.0 (TID 1, localhost, executor driver, partition 0, ANY, 7767 bytes)
20/07/15 00:14:10 INFO Executor: Running task 0.0 in stage 1.0 (TID 1)
20/07/15 00:14:10 INFO ShuffleBlockFetcherIterator: Getting 1 non-empty blocks including 1 local blocks and 0 remote blocks
20/07/15 00:14:10 INFO ShuffleBlockFetcherIterator: Started 0 remote fetches in 13 ms
20/07/15 00:14:10 INFO Executor: Finished task 0.0 in stage 1.0 (TID 1). 1732 bytes result sent to driver
20/07/15 00:14:10 INFO TaskSetManager: Finished task 0.0 in stage 1.0 (TID 1) in 55 ms on localhost (executor driver) (1/1)
20/07/15 00:14:10 INFO TaskSchedulerImpl: Removed TaskSet 1.0, whose tasks have all completed, from pool 
20/07/15 00:14:10 INFO DAGScheduler: ResultStage 1 (count at utils.scala:114) finished in 0,077 s
20/07/15 00:14:10 INFO DAGScheduler: Job 0 finished: count at utils.scala:114, took 0,999179 s
20/07/15 00:14:11 INFO SparkContext: Invoking stop() from shutdown hook
20/07/15 00:14:11 INFO SparkUI: Stopped Spark web UI at http://127.0.0.1:4040
20/07/15 00:14:11 INFO MapOutputTrackerMasterEndpoint: MapOutputTrackerMasterEndpoint stopped!
20/07/15 00:14:11 INFO MemoryStore: MemoryStore cleared
20/07/15 00:14:11 INFO BlockManager: BlockManager stopped
20/07/15 00:14:11 INFO BlockManagerMaster: BlockManagerMaster stopped
20/07/15 00:14:11 INFO OutputCommitCoordinator$OutputCommitCoordinatorEndpoint: OutputCommitCoordinator stopped!
20/07/15 00:14:11 WARN SparkEnv: Exception while deleting Spark temp dir: C:\Users\Dell\AppData\Local\spark\spark-2.4.3-bin-hadoop2.7\tmp\local\spark-5ba694bd-13f0-4384-a698-257c2cb2dc2c\userFiles-6209f12e-7ac0-4418-bc7f-d7ac9c084265
java.io.IOException: Failed to delete: C:\Users\Dell\AppData\Local\spark\spark-2.4.3-bin-hadoop2.7\tmp\local\spark-5ba694bd-13f0-4384-a698-257c2cb2dc2c\userFiles-6209f12e-7ac0-4418-bc7f-d7ac9c084265\sparklyr-2.4-2.11.jar
	at org.apache.spark.network.util.JavaUtils.deleteRecursivelyUsingJavaIO(JavaUtils.java:144)
	at org.apache.spark.network.util.JavaUtils.deleteRecursively(JavaUtils.java:118)
	at org.apache.spark.network.util.JavaUtils.deleteRecursivelyUsingJavaIO(JavaUtils.java:128)
	at org.apache.spark.network.util.JavaUtils.deleteRecursively(JavaUtils.java:118)
	at org.apache.spark.network.util.JavaUtils.deleteRecursively(JavaUtils.java:91)
	at org.apache.spark.util.Utils$.deleteRecursively(Utils.scala:1062)
	at org.apache.spark.SparkEnv.stop(SparkEnv.scala:103)
	at org.apache.spark.SparkContext$$anonfun$stop$11.apply$mcV$sp(SparkContext.scala:1974)
	at org.apache.spark.util.Utils$.tryLogNonFatalError(Utils.scala:1340)
	at org.apache.spark.SparkContext.stop(SparkContext.scala:1973)
	at org.apache.spark.SparkContext$$anonfun$2.apply$mcV$sp(SparkContext.scala:575)
	at org.apache.spark.util.SparkShutdownHook.run(ShutdownHookManager.scala:216)
	at org.apache.spark.util.SparkShutdownHookManager$$anonfun$runAll$1$$anonfun$apply$mcV$sp$1.apply$mcV$sp(ShutdownHookManager.scala:188)
	at org.apache.spark.util.SparkShutdownHookManager$$anonfun$runAll$1$$anonfun$apply$mcV$sp$1.apply(ShutdownHookManager.scala:188)
	at org.apache.spark.util.SparkShutdownHookManager$$anonfun$runAll$1$$anonfun$apply$mcV$sp$1.apply(ShutdownHookManager.scala:188)
	at org.apache.spark.util.Utils$.logUncaughtExceptions(Utils.scala:1945)
	at org.apache.spark.util.SparkShutdownHookManager$$anonfun$runAll$1.apply$mcV$sp(ShutdownHookManager.scala:188)
	at org.apache.spark.util.SparkShutdownHookManager$$anonfun$runAll$1.apply(ShutdownHookManager.scala:188)
	at org.apache.spark.util.SparkShutdownHookManager$$anonfun$runAll$1.apply(ShutdownHookManager.scala:188)
	at scala.util.Try$.apply(Try.scala:192)
	at org.apache.spark.util.SparkShutdownHookManager.runAll(ShutdownHookManager.scala:188)
	at org.apache.spark.util.SparkShutdownHookManager$$anon$2.run(ShutdownHookManager.scala:178)
	at org.apache.hadoop.util.ShutdownHookManager$1.run(ShutdownHookManager.java:54)
20/07/15 00:14:11 INFO SparkContext: Successfully stopped SparkContext
20/07/15 00:14:11 INFO ShutdownHookManager: Shutdown hook called
20/07/15 00:14:11 INFO ShutdownHookManager: Deleting directory C:\Users\Dell\AppData\Local\spark\spark-2.4.3-bin-hadoop2.7\tmp\local\spark-5ba694bd-13f0-4384-a698-257c2cb2dc2c\userFiles-6209f12e-7ac0-4418-bc7f-d7ac9c084265
20/07/15 00:14:11 ERROR ShutdownHookManager: Exception while deleting Spark temp dir: C:\Users\Dell\AppData\Local\spark\spark-2.4.3-bin-hadoop2.7\tmp\local\spark-5ba694bd-13f0-4384-a698-257c2cb2dc2c\userFiles-6209f12e-7ac0-4418-bc7f-d7ac9c084265
java.io.IOException: Failed to delete: C:\Users\Dell\AppData\Local\spark\spark-2.4.3-bin-hadoop2.7\tmp\local\spark-5ba694bd-13f0-4384-a698-257c2cb2dc2c\userFiles-6209f12e-7ac0-4418-bc7f-d7ac9c084265\sparklyr-2.4-2.11.jar
	at org.apache.spark.network.util.JavaUtils.deleteRecursivelyUsingJavaIO(JavaUtils.java:144)
	at org.apache.spark.network.util.JavaUtils.deleteRecursively(JavaUtils.java:118)
	at org.apache.spark.network.util.JavaUtils.deleteRecursivelyUsingJavaIO(JavaUtils.java:128)
	at org.apache.spark.network.util.JavaUtils.deleteRecursively(JavaUtils.java:118)
	at org.apache.spark.network.util.JavaUtils.deleteRecursively(JavaUtils.java:91)
	at org.apache.spark.util.Utils$.deleteRecursively(Utils.scala:1062)
	at org.apache.spark.util.ShutdownHookManager$$anonfun$1$$anonfun$apply$mcV$sp$3.apply(ShutdownHookManager.scala:65)
	at org.apache.spark.util.ShutdownHookManager$$anonfun$1$$anonfun$apply$mcV$sp$3.apply(ShutdownHookManager.scala:62)
	at scala.collection.IndexedSeqOptimized$class.foreach(IndexedSeqOptimized.scala:33)
	at scala.collection.mutable.ArrayOps$ofRef.foreach(ArrayOps.scala:186)
	at org.apache.spark.util.ShutdownHookManager$$anonfun$1.apply$mcV$sp(ShutdownHookManager.scala:62)
	at org.apache.spark.util.SparkShutdownHook.run(ShutdownHookManager.scala:216)
	at org.apache.spark.util.SparkShutdownHookManager$$anonfun$runAll$1$$anonfun$apply$mcV$sp$1.apply$mcV$sp(ShutdownHookManager.scala:188)
	at org.apache.spark.util.SparkShutdownHookManager$$anonfun$runAll$1$$anonfun$apply$mcV$sp$1.apply(ShutdownHookManager.scala:188)
	at org.apache.spark.util.SparkShutdownHookManager$$anonfun$runAll$1$$anonfun$apply$mcV$sp$1.apply(ShutdownHookManager.scala:188)
	at org.apache.spark.util.Utils$.logUncaughtExceptions(Utils.scala:1945)
	at org.apache.spark.util.SparkShutdownHookManager$$anonfun$runAll$1.apply$mcV$sp(ShutdownHookManager.scala:188)
	at org.apache.spark.util.SparkShutdownHookManager$$anonfun$runAll$1.apply(ShutdownHookManager.scala:188)
	at org.apache.spark.util.SparkShutdownHookManager$$anonfun$runAll$1.apply(ShutdownHookManager.scala:188)
	at scala.util.Try$.apply(Try.scala:192)
	at org.apache.spark.util.SparkShutdownHookManager.runAll(ShutdownHookManager.scala:188)
	at org.apache.spark.util.SparkShutdownHookManager$$anon$2.run(ShutdownHookManager.scala:178)
	at org.apache.hadoop.util.ShutdownHookManager$1.run(ShutdownHookManager.java:54)
20/07/15 00:14:11 INFO ShutdownHookManager: Deleting directory C:\Users\Dell\AppData\Local\spark\spark-2.4.3-bin-hadoop2.7\tmp\local\spark-5ba694bd-13f0-4384-a698-257c2cb2dc2c
20/07/15 00:14:11 ERROR ShutdownHookManager: Exception while deleting Spark temp dir: C:\Users\Dell\AppData\Local\spark\spark-2.4.3-bin-hadoop2.7\tmp\local\spark-5ba694bd-13f0-4384-a698-257c2cb2dc2c
java.io.IOException: Failed to delete: C:\Users\Dell\AppData\Local\spark\spark-2.4.3-bin-hadoop2.7\tmp\local\spark-5ba694bd-13f0-4384-a698-257c2cb2dc2c\userFiles-6209f12e-7ac0-4418-bc7f-d7ac9c084265\sparklyr-2.4-2.11.jar
	at org.apache.spark.network.util.JavaUtils.deleteRecursivelyUsingJavaIO(JavaUtils.java:144)
	at org.apache.spark.network.util.JavaUtils.deleteRecursively(JavaUtils.java:118)
	at org.apache.spark.network.util.JavaUtils.deleteRecursivelyUsingJavaIO(JavaUtils.java:128)
	at org.apache.spark.network.util.JavaUtils.deleteRecursively(JavaUtils.java:118)
	at org.apache.spark.network.util.JavaUtils.deleteRecursivelyUsingJavaIO(JavaUtils.java:128)
	at org.apache.spark.network.util.JavaUtils.deleteRecursively(JavaUtils.java:118)
	at org.apache.spark.network.util.JavaUtils.deleteRecursively(JavaUtils.java:91)
	at org.apache.spark.util.Utils$.deleteRecursively(Utils.scala:1062)
	at org.apache.spark.util.ShutdownHookManager$$anonfun$1$$anonfun$apply$mcV$sp$3.apply(ShutdownHookManager.scala:65)
	at org.apache.spark.util.ShutdownHookManager$$anonfun$1$$anonfun$apply$mcV$sp$3.apply(ShutdownHookManager.scala:62)
	at scala.collection.IndexedSeqOptimized$class.foreach(IndexedSeqOptimized.scala:33)
	at scala.collection.mutable.ArrayOps$ofRef.foreach(ArrayOps.scala:186)
	at org.apache.spark.util.ShutdownHookManager$$anonfun$1.apply$mcV$sp(ShutdownHookManager.scala:62)
	at org.apache.spark.util.SparkShutdownHook.run(ShutdownHookManager.scala:216)
	at org.apache.spark.util.SparkShutdownHookManager$$anonfun$runAll$1$$anonfun$apply$mcV$sp$1.apply$mcV$sp(ShutdownHookManager.scala:188)
	at org.apache.spark.util.SparkShutdownHookManager$$anonfun$runAll$1$$anonfun$apply$mcV$sp$1.apply(ShutdownHookManager.scala:188)
	at org.apache.spark.util.SparkShutdownHookManager$$anonfun$runAll$1$$anonfun$apply$mcV$sp$1.apply(ShutdownHookManager.scala:188)
	at org.apache.spark.util.Utils$.logUncaughtExceptions(Utils.scala:1945)
	at org.apache.spark.util.SparkShutdownHookManager$$anonfun$runAll$1.apply$mcV$sp(ShutdownHookManager.scala:188)
	at org.apache.spark.util.SparkShutdownHookManager$$anonfun$runAll$1.apply(ShutdownHookManager.scala:188)
	at org.apache.spark.util.SparkShutdownHookManager$$anonfun$runAll$1.apply(ShutdownHookManager.scala:188)
	at scala.util.Try$.apply(Try.scala:192)
	at org.apache.spark.util.SparkShutdownHookManager.runAll(ShutdownHookManager.scala:188)
	at org.apache.spark.util.SparkShutdownHookManager$$anon$2.run(ShutdownHookManager.scala:178)
	at org.apache.hadoop.util.ShutdownHookManager$1.run(ShutdownHookManager.java:54)
20/07/15 00:14:11 INFO ShutdownHookManager: Deleting directory C:\Users\Dell\AppData\Local\Temp\spark-d5d6188d-b97c-43b7-b1a9-1516253a37b4
20/07/15 00:17:03 WARN NativeCodeLoader: Unable to load native-hadoop library for your platform... using builtin-java classes where applicable
20/07/15 00:17:05 INFO SparkContext: Running Spark version 2.4.3
20/07/15 00:17:05 WARN SparkConf: Note that spark.local.dir will be overridden by the value set by the cluster manager (via SPARK_LOCAL_DIRS in mesos/standalone/kubernetes and LOCAL_DIRS in YARN).
20/07/15 00:17:05 INFO SparkContext: Submitted application: sparklyr
20/07/15 00:17:05 INFO SecurityManager: Changing view acls to: Dell
20/07/15 00:17:05 INFO SecurityManager: Changing modify acls to: Dell
20/07/15 00:17:05 INFO SecurityManager: Changing view acls groups to: 
20/07/15 00:17:05 INFO SecurityManager: Changing modify acls groups to: 
20/07/15 00:17:05 INFO SecurityManager: SecurityManager: authentication disabled; ui acls disabled; users  with view permissions: Set(Dell); groups with view permissions: Set(); users  with modify permissions: Set(Dell); groups with modify permissions: Set()
20/07/15 00:17:06 INFO Utils: Successfully started service 'sparkDriver' on port 51309.
20/07/15 00:17:06 INFO SparkEnv: Registering MapOutputTracker
20/07/15 00:17:06 INFO SparkEnv: Registering BlockManagerMaster
20/07/15 00:17:06 INFO BlockManagerMasterEndpoint: Using org.apache.spark.storage.DefaultTopologyMapper for getting topology information
20/07/15 00:17:06 INFO BlockManagerMasterEndpoint: BlockManagerMasterEndpoint up
20/07/15 00:17:06 INFO DiskBlockManager: Created local directory at C:\Users\Dell\AppData\Local\spark\spark-2.4.3-bin-hadoop2.7\tmp\local\blockmgr-2115d648-ad46-4275-a2a0-5383271f1e8d
20/07/15 00:17:06 INFO MemoryStore: MemoryStore started with capacity 1216.4 MB
20/07/15 00:17:06 INFO SparkEnv: Registering OutputCommitCoordinator
20/07/15 00:17:06 WARN Utils: The configured local directories are not expected to be URIs; however, got suspicious values [C:/Users/Dell/AppData/Local/spark/spark-2.4.3-bin-hadoop2.7/tmp/local]. Please check your configured local directories.
20/07/15 00:17:06 INFO Utils: Successfully started service 'SparkUI' on port 4040.
20/07/15 00:17:06 INFO SparkUI: Bound SparkUI to 127.0.0.1, and started at http://127.0.0.1:4040
20/07/15 00:17:06 INFO SparkContext: Added JAR file:/C:/Users/Dell/Documents/R/win-library/4.0/sparklyr/java/sparklyr-2.4-2.11.jar at spark://127.0.0.1:51309/jars/sparklyr-2.4-2.11.jar with timestamp 1594786626536
20/07/15 00:17:06 INFO Executor: Starting executor ID driver on host localhost
20/07/15 00:17:06 INFO Utils: Successfully started service 'org.apache.spark.network.netty.NettyBlockTransferService' on port 51330.
20/07/15 00:17:06 INFO NettyBlockTransferService: Server created on 127.0.0.1:51330
20/07/15 00:17:06 INFO BlockManager: Using org.apache.spark.storage.RandomBlockReplicationPolicy for block replication policy
20/07/15 00:17:06 INFO BlockManagerMaster: Registering BlockManager BlockManagerId(driver, 127.0.0.1, 51330, None)
20/07/15 00:17:06 INFO BlockManagerMasterEndpoint: Registering block manager 127.0.0.1:51330 with 1216.4 MB RAM, BlockManagerId(driver, 127.0.0.1, 51330, None)
20/07/15 00:17:06 INFO BlockManagerMaster: Registered BlockManager BlockManagerId(driver, 127.0.0.1, 51330, None)
20/07/15 00:17:06 INFO BlockManager: Initialized BlockManager: BlockManagerId(driver, 127.0.0.1, 51330, None)
20/07/15 00:17:07 INFO SharedState: loading hive config file: file:/C:/Users/Dell/AppData/Local/spark/spark-2.4.3-bin-hadoop2.7/conf/hive-site.xml
20/07/15 00:17:07 INFO SharedState: Setting hive.metastore.warehouse.dir ('C:/Users/Dell/AppData/Local/spark/spark-2.4.3-bin-hadoop2.7/tmp/hive') to the value of spark.sql.warehouse.dir ('C:/Users/Dell/AppData/Local/spark/spark-2.4.3-bin-hadoop2.7/tmp/hive').
20/07/15 00:17:07 INFO SharedState: Warehouse path is 'C:/Users/Dell/AppData/Local/spark/spark-2.4.3-bin-hadoop2.7/tmp/hive'.
20/07/15 00:17:08 INFO StateStoreCoordinatorRef: Registered StateStoreCoordinator endpoint
20/07/15 00:17:10 INFO HiveUtils: Initializing HiveMetastoreConnection version 1.2.1 using Spark classes.
20/07/15 00:17:11 INFO HiveMetaStore: 0: Opening raw store with implemenation class:org.apache.hadoop.hive.metastore.ObjectStore
20/07/15 00:17:11 INFO ObjectStore: ObjectStore, initialize called
20/07/15 00:17:11 INFO Persistence: Propiedad hive.metastore.integral.jdo.pushdown desconocida - vamos a ignorarla
20/07/15 00:17:11 INFO Persistence: Propiedad datanucleus.cache.level2 desconocida - vamos a ignorarla
20/07/15 00:17:12 INFO ObjectStore: Setting MetaStore object pin classes with hive.metastore.cache.pinobjtypes="Table,StorageDescriptor,SerDeInfo,Partition,Database,Type,FieldSchema,Order"
20/07/15 00:17:14 INFO Datastore: La clase "org.apache.hadoop.hive.metastore.model.MFieldSchema" es "embedded-only" asi que no tiene su propia tabla.
20/07/15 00:17:14 INFO Datastore: La clase "org.apache.hadoop.hive.metastore.model.MOrder" es "embedded-only" asi que no tiene su propia tabla.
20/07/15 00:17:14 INFO Datastore: La clase "org.apache.hadoop.hive.metastore.model.MFieldSchema" es "embedded-only" asi que no tiene su propia tabla.
20/07/15 00:17:14 INFO Datastore: La clase "org.apache.hadoop.hive.metastore.model.MOrder" es "embedded-only" asi que no tiene su propia tabla.
20/07/15 00:17:15 INFO MetaStoreDirectSql: Using direct SQL, underlying DB is DERBY
20/07/15 00:17:15 INFO ObjectStore: Initialized ObjectStore
20/07/15 00:17:15 WARN ObjectStore: Version information not found in metastore. hive.metastore.schema.verification is not enabled so recording the schema version 1.2.0
20/07/15 00:17:15 WARN ObjectStore: Failed to get database default, returning NoSuchObjectException
20/07/15 00:17:15 INFO HiveMetaStore: Added admin role in metastore
20/07/15 00:17:15 INFO HiveMetaStore: Added public role in metastore
20/07/15 00:17:15 INFO HiveMetaStore: No user is added in admin role, since config is empty
20/07/15 00:17:15 INFO HiveMetaStore: 0: get_all_databases
20/07/15 00:17:15 INFO audit: ugi=Dell	ip=unknown-ip-addr	cmd=get_all_databases	
20/07/15 00:17:15 INFO HiveMetaStore: 0: get_functions: db=default pat=*
20/07/15 00:17:15 INFO audit: ugi=Dell	ip=unknown-ip-addr	cmd=get_functions: db=default pat=*	
20/07/15 00:17:15 INFO Datastore: La clase "org.apache.hadoop.hive.metastore.model.MResourceUri" es "embedded-only" asi que no tiene su propia tabla.
20/07/15 00:17:15 INFO SessionState: Created local directory: C:/Users/Dell/AppData/Local/Temp/99a46aa5-9448-4896-9c6d-e94dac4f2cf8_resources
20/07/15 00:17:15 INFO SessionState: Created HDFS directory: C:/Users/Dell/AppData/Local/spark/spark-2.4.3-bin-hadoop2.7/tmp/hive/Dell/99a46aa5-9448-4896-9c6d-e94dac4f2cf8
20/07/15 00:17:15 INFO SessionState: Created local directory: C:/Users/Dell/AppData/Local/spark/spark-2.4.3-bin-hadoop2.7/tmp/hive/99a46aa5-9448-4896-9c6d-e94dac4f2cf8
20/07/15 00:17:16 INFO SessionState: Created HDFS directory: C:/Users/Dell/AppData/Local/spark/spark-2.4.3-bin-hadoop2.7/tmp/hive/Dell/99a46aa5-9448-4896-9c6d-e94dac4f2cf8/_tmp_space.db
20/07/15 00:17:16 INFO HiveClientImpl: Warehouse location for Hive client (version 1.2.2) is C:/Users/Dell/AppData/Local/spark/spark-2.4.3-bin-hadoop2.7/tmp/hive
20/07/15 00:17:16 INFO HiveMetaStore: 0: get_database: default
20/07/15 00:17:16 INFO audit: ugi=Dell	ip=unknown-ip-addr	cmd=get_database: default	
20/07/15 00:17:16 INFO HiveMetaStore: 0: get_database: global_temp
20/07/15 00:17:16 INFO audit: ugi=Dell	ip=unknown-ip-addr	cmd=get_database: global_temp	
20/07/15 00:17:16 WARN ObjectStore: Failed to get database global_temp, returning NoSuchObjectException
20/07/15 00:17:16 INFO HiveMetaStore: 0: get_database: default
20/07/15 00:17:16 INFO audit: ugi=Dell	ip=unknown-ip-addr	cmd=get_database: default	
20/07/15 00:17:16 INFO HiveMetaStore: 0: get_database: default
20/07/15 00:17:16 INFO audit: ugi=Dell	ip=unknown-ip-addr	cmd=get_database: default	
20/07/15 00:17:16 INFO HiveMetaStore: 0: get_tables: db=default pat=*
20/07/15 00:17:16 INFO audit: ugi=Dell	ip=unknown-ip-addr	cmd=get_tables: db=default pat=*	
20/07/15 00:17:16 INFO CodeGenerator: Code generated in 251.9579 ms
20/07/15 00:17:17 INFO CodeGenerator: Code generated in 20.1016 ms
20/07/15 00:17:17 INFO CodeGenerator: Code generated in 16.2534 ms
20/07/15 00:17:17 INFO SparkContext: Starting job: count at utils.scala:114
20/07/15 00:17:17 INFO DAGScheduler: Registering RDD 3 (count at utils.scala:114)
20/07/15 00:17:17 INFO DAGScheduler: Got job 0 (count at utils.scala:114) with 1 output partitions
20/07/15 00:17:17 INFO DAGScheduler: Final stage: ResultStage 1 (count at utils.scala:114)
20/07/15 00:17:17 INFO DAGScheduler: Parents of final stage: List(ShuffleMapStage 0)
20/07/15 00:17:17 INFO DAGScheduler: Missing parents: List(ShuffleMapStage 0)
20/07/15 00:17:17 INFO DAGScheduler: Submitting ShuffleMapStage 0 (MapPartitionsRDD[3] at count at utils.scala:114), which has no missing parents
20/07/15 00:17:17 INFO MemoryStore: Block broadcast_0 stored as values in memory (estimated size 7.9 KB, free 1216.4 MB)
20/07/15 00:17:17 INFO MemoryStore: Block broadcast_0_piece0 stored as bytes in memory (estimated size 4.2 KB, free 1216.4 MB)
20/07/15 00:17:17 INFO BlockManagerInfo: Added broadcast_0_piece0 in memory on 127.0.0.1:51330 (size: 4.2 KB, free: 1216.4 MB)
20/07/15 00:17:17 INFO SparkContext: Created broadcast 0 from broadcast at DAGScheduler.scala:1161
20/07/15 00:17:17 INFO DAGScheduler: Submitting 1 missing tasks from ShuffleMapStage 0 (MapPartitionsRDD[3] at count at utils.scala:114) (first 15 tasks are for partitions Vector(0))
20/07/15 00:17:17 INFO TaskSchedulerImpl: Adding task set 0.0 with 1 tasks
20/07/15 00:17:17 INFO TaskSetManager: Starting task 0.0 in stage 0.0 (TID 0, localhost, executor driver, partition 0, PROCESS_LOCAL, 7882 bytes)
20/07/15 00:17:17 INFO Executor: Running task 0.0 in stage 0.0 (TID 0)
20/07/15 00:17:17 INFO Executor: Fetching spark://127.0.0.1:51309/jars/sparklyr-2.4-2.11.jar with timestamp 1594786626536
20/07/15 00:17:18 INFO ContextCleaner: Cleaned accumulator 1
20/07/15 00:17:18 INFO TransportClientFactory: Successfully created connection to /127.0.0.1:51309 after 37 ms (0 ms spent in bootstraps)
20/07/15 00:17:18 INFO Utils: Fetching spark://127.0.0.1:51309/jars/sparklyr-2.4-2.11.jar to C:\Users\Dell\AppData\Local\spark\spark-2.4.3-bin-hadoop2.7\tmp\local\spark-7de62839-9f0a-469e-9fce-bf4dafde9819\userFiles-1ba2d4e5-6b7f-4769-a2bb-212620829469\fetchFileTemp7023509036464959356.tmp
20/07/15 00:17:18 INFO Executor: Adding file:/C:/Users/Dell/AppData/Local/spark/spark-2.4.3-bin-hadoop2.7/tmp/local/spark-7de62839-9f0a-469e-9fce-bf4dafde9819/userFiles-1ba2d4e5-6b7f-4769-a2bb-212620829469/sparklyr-2.4-2.11.jar to class loader
20/07/15 00:17:18 INFO Executor: Finished task 0.0 in stage 0.0 (TID 0). 1585 bytes result sent to driver
20/07/15 00:17:18 INFO TaskSetManager: Finished task 0.0 in stage 0.0 (TID 0) in 727 ms on localhost (executor driver) (1/1)
20/07/15 00:17:18 INFO TaskSchedulerImpl: Removed TaskSet 0.0, whose tasks have all completed, from pool 
20/07/15 00:17:18 INFO DAGScheduler: ShuffleMapStage 0 (count at utils.scala:114) finished in 1,045 s
20/07/15 00:17:18 INFO DAGScheduler: looking for newly runnable stages
20/07/15 00:17:18 INFO DAGScheduler: running: Set()
20/07/15 00:17:18 INFO DAGScheduler: waiting: Set(ResultStage 1)
20/07/15 00:17:18 INFO DAGScheduler: failed: Set()
20/07/15 00:17:18 INFO DAGScheduler: Submitting ResultStage 1 (MapPartitionsRDD[6] at count at utils.scala:114), which has no missing parents
20/07/15 00:17:18 INFO MemoryStore: Block broadcast_1 stored as values in memory (estimated size 7.1 KB, free 1216.4 MB)
20/07/15 00:17:18 INFO MemoryStore: Block broadcast_1_piece0 stored as bytes in memory (estimated size 3.8 KB, free 1216.4 MB)
20/07/15 00:17:18 INFO BlockManagerInfo: Added broadcast_1_piece0 in memory on 127.0.0.1:51330 (size: 3.8 KB, free: 1216.4 MB)
20/07/15 00:17:18 INFO SparkContext: Created broadcast 1 from broadcast at DAGScheduler.scala:1161
20/07/15 00:17:18 INFO DAGScheduler: Submitting 1 missing tasks from ResultStage 1 (MapPartitionsRDD[6] at count at utils.scala:114) (first 15 tasks are for partitions Vector(0))
20/07/15 00:17:18 INFO TaskSchedulerImpl: Adding task set 1.0 with 1 tasks
20/07/15 00:17:18 INFO TaskSetManager: Starting task 0.0 in stage 1.0 (TID 1, localhost, executor driver, partition 0, ANY, 7767 bytes)
20/07/15 00:17:18 INFO Executor: Running task 0.0 in stage 1.0 (TID 1)
20/07/15 00:17:18 INFO ShuffleBlockFetcherIterator: Getting 1 non-empty blocks including 1 local blocks and 0 remote blocks
20/07/15 00:17:18 INFO ShuffleBlockFetcherIterator: Started 0 remote fetches in 11 ms
20/07/15 00:17:18 INFO Executor: Finished task 0.0 in stage 1.0 (TID 1). 1775 bytes result sent to driver
20/07/15 00:17:18 INFO TaskSetManager: Finished task 0.0 in stage 1.0 (TID 1) in 58 ms on localhost (executor driver) (1/1)
20/07/15 00:17:18 INFO TaskSchedulerImpl: Removed TaskSet 1.0, whose tasks have all completed, from pool 
20/07/15 00:17:18 INFO DAGScheduler: ResultStage 1 (count at utils.scala:114) finished in 0,079 s
20/07/15 00:17:18 INFO DAGScheduler: Job 0 finished: count at utils.scala:114, took 1,211685 s
20/07/15 00:20:06 INFO SparkContext: Invoking stop() from shutdown hook
20/07/15 00:20:06 INFO SparkUI: Stopped Spark web UI at http://127.0.0.1:4040
20/07/15 00:20:06 INFO MapOutputTrackerMasterEndpoint: MapOutputTrackerMasterEndpoint stopped!
20/07/15 00:20:06 INFO MemoryStore: MemoryStore cleared
20/07/15 00:20:06 INFO BlockManager: BlockManager stopped
20/07/15 00:20:06 INFO BlockManagerMaster: BlockManagerMaster stopped
20/07/15 00:20:06 INFO OutputCommitCoordinator$OutputCommitCoordinatorEndpoint: OutputCommitCoordinator stopped!
20/07/15 00:20:06 WARN SparkEnv: Exception while deleting Spark temp dir: C:\Users\Dell\AppData\Local\spark\spark-2.4.3-bin-hadoop2.7\tmp\local\spark-7de62839-9f0a-469e-9fce-bf4dafde9819\userFiles-1ba2d4e5-6b7f-4769-a2bb-212620829469
java.io.IOException: Failed to delete: C:\Users\Dell\AppData\Local\spark\spark-2.4.3-bin-hadoop2.7\tmp\local\spark-7de62839-9f0a-469e-9fce-bf4dafde9819\userFiles-1ba2d4e5-6b7f-4769-a2bb-212620829469\sparklyr-2.4-2.11.jar
	at org.apache.spark.network.util.JavaUtils.deleteRecursivelyUsingJavaIO(JavaUtils.java:144)
	at org.apache.spark.network.util.JavaUtils.deleteRecursively(JavaUtils.java:118)
	at org.apache.spark.network.util.JavaUtils.deleteRecursivelyUsingJavaIO(JavaUtils.java:128)
	at org.apache.spark.network.util.JavaUtils.deleteRecursively(JavaUtils.java:118)
	at org.apache.spark.network.util.JavaUtils.deleteRecursively(JavaUtils.java:91)
	at org.apache.spark.util.Utils$.deleteRecursively(Utils.scala:1062)
	at org.apache.spark.SparkEnv.stop(SparkEnv.scala:103)
	at org.apache.spark.SparkContext$$anonfun$stop$11.apply$mcV$sp(SparkContext.scala:1974)
	at org.apache.spark.util.Utils$.tryLogNonFatalError(Utils.scala:1340)
	at org.apache.spark.SparkContext.stop(SparkContext.scala:1973)
	at org.apache.spark.SparkContext$$anonfun$2.apply$mcV$sp(SparkContext.scala:575)
	at org.apache.spark.util.SparkShutdownHook.run(ShutdownHookManager.scala:216)
	at org.apache.spark.util.SparkShutdownHookManager$$anonfun$runAll$1$$anonfun$apply$mcV$sp$1.apply$mcV$sp(ShutdownHookManager.scala:188)
	at org.apache.spark.util.SparkShutdownHookManager$$anonfun$runAll$1$$anonfun$apply$mcV$sp$1.apply(ShutdownHookManager.scala:188)
	at org.apache.spark.util.SparkShutdownHookManager$$anonfun$runAll$1$$anonfun$apply$mcV$sp$1.apply(ShutdownHookManager.scala:188)
	at org.apache.spark.util.Utils$.logUncaughtExceptions(Utils.scala:1945)
	at org.apache.spark.util.SparkShutdownHookManager$$anonfun$runAll$1.apply$mcV$sp(ShutdownHookManager.scala:188)
	at org.apache.spark.util.SparkShutdownHookManager$$anonfun$runAll$1.apply(ShutdownHookManager.scala:188)
	at org.apache.spark.util.SparkShutdownHookManager$$anonfun$runAll$1.apply(ShutdownHookManager.scala:188)
	at scala.util.Try$.apply(Try.scala:192)
	at org.apache.spark.util.SparkShutdownHookManager.runAll(ShutdownHookManager.scala:188)
	at org.apache.spark.util.SparkShutdownHookManager$$anon$2.run(ShutdownHookManager.scala:178)
	at org.apache.hadoop.util.ShutdownHookManager$1.run(ShutdownHookManager.java:54)
20/07/15 00:20:06 INFO SparkContext: Successfully stopped SparkContext
20/07/15 00:20:06 INFO ShutdownHookManager: Shutdown hook called
20/07/15 00:20:06 INFO ShutdownHookManager: Deleting directory C:\Users\Dell\AppData\Local\Temp\spark-1088936b-0e70-4ae3-9acf-0a34ef559e34
20/07/15 00:20:06 INFO ShutdownHookManager: Deleting directory C:\Users\Dell\AppData\Local\spark\spark-2.4.3-bin-hadoop2.7\tmp\local\spark-7de62839-9f0a-469e-9fce-bf4dafde9819\userFiles-1ba2d4e5-6b7f-4769-a2bb-212620829469
20/07/15 00:20:06 ERROR ShutdownHookManager: Exception while deleting Spark temp dir: C:\Users\Dell\AppData\Local\spark\spark-2.4.3-bin-hadoop2.7\tmp\local\spark-7de62839-9f0a-469e-9fce-bf4dafde9819\userFiles-1ba2d4e5-6b7f-4769-a2bb-212620829469
java.io.IOException: Failed to delete: C:\Users\Dell\AppData\Local\spark\spark-2.4.3-bin-hadoop2.7\tmp\local\spark-7de62839-9f0a-469e-9fce-bf4dafde9819\userFiles-1ba2d4e5-6b7f-4769-a2bb-212620829469\sparklyr-2.4-2.11.jar
	at org.apache.spark.network.util.JavaUtils.deleteRecursivelyUsingJavaIO(JavaUtils.java:144)
	at org.apache.spark.network.util.JavaUtils.deleteRecursively(JavaUtils.java:118)
	at org.apache.spark.network.util.JavaUtils.deleteRecursivelyUsingJavaIO(JavaUtils.java:128)
	at org.apache.spark.network.util.JavaUtils.deleteRecursively(JavaUtils.java:118)
	at org.apache.spark.network.util.JavaUtils.deleteRecursively(JavaUtils.java:91)
	at org.apache.spark.util.Utils$.deleteRecursively(Utils.scala:1062)
	at org.apache.spark.util.ShutdownHookManager$$anonfun$1$$anonfun$apply$mcV$sp$3.apply(ShutdownHookManager.scala:65)
	at org.apache.spark.util.ShutdownHookManager$$anonfun$1$$anonfun$apply$mcV$sp$3.apply(ShutdownHookManager.scala:62)
	at scala.collection.IndexedSeqOptimized$class.foreach(IndexedSeqOptimized.scala:33)
	at scala.collection.mutable.ArrayOps$ofRef.foreach(ArrayOps.scala:186)
	at org.apache.spark.util.ShutdownHookManager$$anonfun$1.apply$mcV$sp(ShutdownHookManager.scala:62)
	at org.apache.spark.util.SparkShutdownHook.run(ShutdownHookManager.scala:216)
	at org.apache.spark.util.SparkShutdownHookManager$$anonfun$runAll$1$$anonfun$apply$mcV$sp$1.apply$mcV$sp(ShutdownHookManager.scala:188)
	at org.apache.spark.util.SparkShutdownHookManager$$anonfun$runAll$1$$anonfun$apply$mcV$sp$1.apply(ShutdownHookManager.scala:188)
	at org.apache.spark.util.SparkShutdownHookManager$$anonfun$runAll$1$$anonfun$apply$mcV$sp$1.apply(ShutdownHookManager.scala:188)
	at org.apache.spark.util.Utils$.logUncaughtExceptions(Utils.scala:1945)
	at org.apache.spark.util.SparkShutdownHookManager$$anonfun$runAll$1.apply$mcV$sp(ShutdownHookManager.scala:188)
	at org.apache.spark.util.SparkShutdownHookManager$$anonfun$runAll$1.apply(ShutdownHookManager.scala:188)
	at org.apache.spark.util.SparkShutdownHookManager$$anonfun$runAll$1.apply(ShutdownHookManager.scala:188)
	at scala.util.Try$.apply(Try.scala:192)
	at org.apache.spark.util.SparkShutdownHookManager.runAll(ShutdownHookManager.scala:188)
	at org.apache.spark.util.SparkShutdownHookManager$$anon$2.run(ShutdownHookManager.scala:178)
	at org.apache.hadoop.util.ShutdownHookManager$1.run(ShutdownHookManager.java:54)
20/07/15 00:20:06 INFO ShutdownHookManager: Deleting directory C:\Users\Dell\AppData\Local\spark\spark-2.4.3-bin-hadoop2.7\tmp\local\spark-7de62839-9f0a-469e-9fce-bf4dafde9819
20/07/15 00:20:06 ERROR ShutdownHookManager: Exception while deleting Spark temp dir: C:\Users\Dell\AppData\Local\spark\spark-2.4.3-bin-hadoop2.7\tmp\local\spark-7de62839-9f0a-469e-9fce-bf4dafde9819
java.io.IOException: Failed to delete: C:\Users\Dell\AppData\Local\spark\spark-2.4.3-bin-hadoop2.7\tmp\local\spark-7de62839-9f0a-469e-9fce-bf4dafde9819\userFiles-1ba2d4e5-6b7f-4769-a2bb-212620829469\sparklyr-2.4-2.11.jar
	at org.apache.spark.network.util.JavaUtils.deleteRecursivelyUsingJavaIO(JavaUtils.java:144)
	at org.apache.spark.network.util.JavaUtils.deleteRecursively(JavaUtils.java:118)
	at org.apache.spark.network.util.JavaUtils.deleteRecursivelyUsingJavaIO(JavaUtils.java:128)
	at org.apache.spark.network.util.JavaUtils.deleteRecursively(JavaUtils.java:118)
	at org.apache.spark.network.util.JavaUtils.deleteRecursivelyUsingJavaIO(JavaUtils.java:128)
	at org.apache.spark.network.util.JavaUtils.deleteRecursively(JavaUtils.java:118)
	at org.apache.spark.network.util.JavaUtils.deleteRecursively(JavaUtils.java:91)
	at org.apache.spark.util.Utils$.deleteRecursively(Utils.scala:1062)
	at org.apache.spark.util.ShutdownHookManager$$anonfun$1$$anonfun$apply$mcV$sp$3.apply(ShutdownHookManager.scala:65)
	at org.apache.spark.util.ShutdownHookManager$$anonfun$1$$anonfun$apply$mcV$sp$3.apply(ShutdownHookManager.scala:62)
	at scala.collection.IndexedSeqOptimized$class.foreach(IndexedSeqOptimized.scala:33)
	at scala.collection.mutable.ArrayOps$ofRef.foreach(ArrayOps.scala:186)
	at org.apache.spark.util.ShutdownHookManager$$anonfun$1.apply$mcV$sp(ShutdownHookManager.scala:62)
	at org.apache.spark.util.SparkShutdownHook.run(ShutdownHookManager.scala:216)
	at org.apache.spark.util.SparkShutdownHookManager$$anonfun$runAll$1$$anonfun$apply$mcV$sp$1.apply$mcV$sp(ShutdownHookManager.scala:188)
	at org.apache.spark.util.SparkShutdownHookManager$$anonfun$runAll$1$$anonfun$apply$mcV$sp$1.apply(ShutdownHookManager.scala:188)
	at org.apache.spark.util.SparkShutdownHookManager$$anonfun$runAll$1$$anonfun$apply$mcV$sp$1.apply(ShutdownHookManager.scala:188)
	at org.apache.spark.util.Utils$.logUncaughtExceptions(Utils.scala:1945)
	at org.apache.spark.util.SparkShutdownHookManager$$anonfun$runAll$1.apply$mcV$sp(ShutdownHookManager.scala:188)
	at org.apache.spark.util.SparkShutdownHookManager$$anonfun$runAll$1.apply(ShutdownHookManager.scala:188)
	at org.apache.spark.util.SparkShutdownHookManager$$anonfun$runAll$1.apply(ShutdownHookManager.scala:188)
	at scala.util.Try$.apply(Try.scala:192)
	at org.apache.spark.util.SparkShutdownHookManager.runAll(ShutdownHookManager.scala:188)
	at org.apache.spark.util.SparkShutdownHookManager$$anon$2.run(ShutdownHookManager.scala:178)
	at org.apache.hadoop.util.ShutdownHookManager$1.run(ShutdownHookManager.java:54)
20/07/15 00:20:20 WARN NativeCodeLoader: Unable to load native-hadoop library for your platform... using builtin-java classes where applicable
20/07/15 00:20:22 INFO SparkContext: Running Spark version 2.4.3
20/07/15 00:20:22 WARN SparkConf: Note that spark.local.dir will be overridden by the value set by the cluster manager (via SPARK_LOCAL_DIRS in mesos/standalone/kubernetes and LOCAL_DIRS in YARN).
20/07/15 00:20:22 INFO SparkContext: Submitted application: sparklyr
20/07/15 00:20:22 INFO SecurityManager: Changing view acls to: Dell
20/07/15 00:20:22 INFO SecurityManager: Changing modify acls to: Dell
20/07/15 00:20:22 INFO SecurityManager: Changing view acls groups to: 
20/07/15 00:20:22 INFO SecurityManager: Changing modify acls groups to: 
20/07/15 00:20:22 INFO SecurityManager: SecurityManager: authentication disabled; ui acls disabled; users  with view permissions: Set(Dell); groups with view permissions: Set(); users  with modify permissions: Set(Dell); groups with modify permissions: Set()
20/07/15 00:20:22 INFO Utils: Successfully started service 'sparkDriver' on port 51420.
20/07/15 00:20:22 INFO SparkEnv: Registering MapOutputTracker
20/07/15 00:20:22 INFO SparkEnv: Registering BlockManagerMaster
20/07/15 00:20:22 INFO BlockManagerMasterEndpoint: Using org.apache.spark.storage.DefaultTopologyMapper for getting topology information
20/07/15 00:20:22 INFO BlockManagerMasterEndpoint: BlockManagerMasterEndpoint up
20/07/15 00:20:22 INFO DiskBlockManager: Created local directory at C:\Users\Dell\AppData\Local\spark\spark-2.4.3-bin-hadoop2.7\tmp\local\blockmgr-854f6a6b-181a-4405-8f0f-1b161304c006
20/07/15 00:20:22 INFO MemoryStore: MemoryStore started with capacity 1216.4 MB
20/07/15 00:20:22 INFO SparkEnv: Registering OutputCommitCoordinator
20/07/15 00:20:22 WARN Utils: The configured local directories are not expected to be URIs; however, got suspicious values [C:/Users/Dell/AppData/Local/spark/spark-2.4.3-bin-hadoop2.7/tmp/local]. Please check your configured local directories.
20/07/15 00:20:22 INFO Utils: Successfully started service 'SparkUI' on port 4040.
20/07/15 00:20:22 INFO SparkUI: Bound SparkUI to 127.0.0.1, and started at http://127.0.0.1:4040
20/07/15 00:20:22 INFO SparkContext: Added JAR file:/C:/Users/Dell/Documents/R/win-library/4.0/sparklyr/java/sparklyr-2.4-2.11.jar at spark://127.0.0.1:51420/jars/sparklyr-2.4-2.11.jar with timestamp 1594786822922
20/07/15 00:20:23 INFO Executor: Starting executor ID driver on host localhost
20/07/15 00:20:23 INFO Utils: Successfully started service 'org.apache.spark.network.netty.NettyBlockTransferService' on port 51441.
20/07/15 00:20:23 INFO NettyBlockTransferService: Server created on 127.0.0.1:51441
20/07/15 00:20:23 INFO BlockManager: Using org.apache.spark.storage.RandomBlockReplicationPolicy for block replication policy
20/07/15 00:20:23 INFO BlockManagerMaster: Registering BlockManager BlockManagerId(driver, 127.0.0.1, 51441, None)
20/07/15 00:20:23 INFO BlockManagerMasterEndpoint: Registering block manager 127.0.0.1:51441 with 1216.4 MB RAM, BlockManagerId(driver, 127.0.0.1, 51441, None)
20/07/15 00:20:23 INFO BlockManagerMaster: Registered BlockManager BlockManagerId(driver, 127.0.0.1, 51441, None)
20/07/15 00:20:23 INFO BlockManager: Initialized BlockManager: BlockManagerId(driver, 127.0.0.1, 51441, None)
20/07/15 00:20:23 INFO SharedState: loading hive config file: file:/C:/Users/Dell/AppData/Local/spark/spark-2.4.3-bin-hadoop2.7/conf/hive-site.xml
20/07/15 00:20:24 INFO SharedState: Setting hive.metastore.warehouse.dir ('C:/Users/Dell/AppData/Local/spark/spark-2.4.3-bin-hadoop2.7/tmp/hive') to the value of spark.sql.warehouse.dir ('C:/Users/Dell/AppData/Local/spark/spark-2.4.3-bin-hadoop2.7/tmp/hive').
20/07/15 00:20:24 INFO SharedState: Warehouse path is 'C:/Users/Dell/AppData/Local/spark/spark-2.4.3-bin-hadoop2.7/tmp/hive'.
20/07/15 00:20:25 INFO StateStoreCoordinatorRef: Registered StateStoreCoordinator endpoint
20/07/15 00:20:27 INFO HiveUtils: Initializing HiveMetastoreConnection version 1.2.1 using Spark classes.
20/07/15 00:20:28 INFO HiveMetaStore: 0: Opening raw store with implemenation class:org.apache.hadoop.hive.metastore.ObjectStore
20/07/15 00:20:28 INFO ObjectStore: ObjectStore, initialize called
20/07/15 00:20:28 INFO Persistence: Propiedad hive.metastore.integral.jdo.pushdown desconocida - vamos a ignorarla
20/07/15 00:20:28 INFO Persistence: Propiedad datanucleus.cache.level2 desconocida - vamos a ignorarla
20/07/15 00:20:30 INFO ObjectStore: Setting MetaStore object pin classes with hive.metastore.cache.pinobjtypes="Table,StorageDescriptor,SerDeInfo,Partition,Database,Type,FieldSchema,Order"
20/07/15 00:20:31 INFO Datastore: La clase "org.apache.hadoop.hive.metastore.model.MFieldSchema" es "embedded-only" asi que no tiene su propia tabla.
20/07/15 00:20:31 INFO Datastore: La clase "org.apache.hadoop.hive.metastore.model.MOrder" es "embedded-only" asi que no tiene su propia tabla.
20/07/15 00:20:32 INFO Datastore: La clase "org.apache.hadoop.hive.metastore.model.MFieldSchema" es "embedded-only" asi que no tiene su propia tabla.
20/07/15 00:20:32 INFO Datastore: La clase "org.apache.hadoop.hive.metastore.model.MOrder" es "embedded-only" asi que no tiene su propia tabla.
20/07/15 00:20:32 INFO MetaStoreDirectSql: Using direct SQL, underlying DB is DERBY
20/07/15 00:20:32 INFO ObjectStore: Initialized ObjectStore
20/07/15 00:20:32 WARN ObjectStore: Version information not found in metastore. hive.metastore.schema.verification is not enabled so recording the schema version 1.2.0
20/07/15 00:20:32 WARN ObjectStore: Failed to get database default, returning NoSuchObjectException
20/07/15 00:20:32 INFO HiveMetaStore: Added admin role in metastore
20/07/15 00:20:32 INFO HiveMetaStore: Added public role in metastore
20/07/15 00:20:32 INFO HiveMetaStore: No user is added in admin role, since config is empty
20/07/15 00:20:33 INFO HiveMetaStore: 0: get_all_databases
20/07/15 00:20:33 INFO audit: ugi=Dell	ip=unknown-ip-addr	cmd=get_all_databases	
20/07/15 00:20:33 INFO HiveMetaStore: 0: get_functions: db=default pat=*
20/07/15 00:20:33 INFO audit: ugi=Dell	ip=unknown-ip-addr	cmd=get_functions: db=default pat=*	
20/07/15 00:20:33 INFO Datastore: La clase "org.apache.hadoop.hive.metastore.model.MResourceUri" es "embedded-only" asi que no tiene su propia tabla.
20/07/15 00:20:33 INFO SessionState: Created local directory: C:/Users/Dell/AppData/Local/Temp/4e532c26-a090-41cd-9b0b-597eb051a8d9_resources
20/07/15 00:20:33 INFO SessionState: Created HDFS directory: C:/Users/Dell/AppData/Local/spark/spark-2.4.3-bin-hadoop2.7/tmp/hive/Dell/4e532c26-a090-41cd-9b0b-597eb051a8d9
20/07/15 00:20:33 INFO SessionState: Created local directory: C:/Users/Dell/AppData/Local/spark/spark-2.4.3-bin-hadoop2.7/tmp/hive/4e532c26-a090-41cd-9b0b-597eb051a8d9
20/07/15 00:20:33 INFO SessionState: Created HDFS directory: C:/Users/Dell/AppData/Local/spark/spark-2.4.3-bin-hadoop2.7/tmp/hive/Dell/4e532c26-a090-41cd-9b0b-597eb051a8d9/_tmp_space.db
20/07/15 00:20:33 INFO HiveClientImpl: Warehouse location for Hive client (version 1.2.2) is C:/Users/Dell/AppData/Local/spark/spark-2.4.3-bin-hadoop2.7/tmp/hive
20/07/15 00:20:33 INFO HiveMetaStore: 0: get_database: default
20/07/15 00:20:33 INFO audit: ugi=Dell	ip=unknown-ip-addr	cmd=get_database: default	
20/07/15 00:20:33 INFO HiveMetaStore: 0: get_database: global_temp
20/07/15 00:20:33 INFO audit: ugi=Dell	ip=unknown-ip-addr	cmd=get_database: global_temp	
20/07/15 00:20:33 WARN ObjectStore: Failed to get database global_temp, returning NoSuchObjectException
20/07/15 00:20:33 INFO HiveMetaStore: 0: get_database: default
20/07/15 00:20:33 INFO audit: ugi=Dell	ip=unknown-ip-addr	cmd=get_database: default	
20/07/15 00:20:33 INFO HiveMetaStore: 0: get_database: default
20/07/15 00:20:33 INFO audit: ugi=Dell	ip=unknown-ip-addr	cmd=get_database: default	
20/07/15 00:20:33 INFO HiveMetaStore: 0: get_tables: db=default pat=*
20/07/15 00:20:33 INFO audit: ugi=Dell	ip=unknown-ip-addr	cmd=get_tables: db=default pat=*	
20/07/15 00:20:34 INFO CodeGenerator: Code generated in 264.7313 ms
20/07/15 00:20:34 INFO ContextCleaner: Cleaned accumulator 1
20/07/15 00:20:34 INFO CodeGenerator: Code generated in 19.2912 ms
20/07/15 00:20:34 INFO CodeGenerator: Code generated in 15.0839 ms
20/07/15 00:20:34 INFO SparkContext: Starting job: count at utils.scala:114
20/07/15 00:20:34 INFO DAGScheduler: Registering RDD 3 (count at utils.scala:114)
20/07/15 00:20:34 INFO DAGScheduler: Got job 0 (count at utils.scala:114) with 1 output partitions
20/07/15 00:20:34 INFO DAGScheduler: Final stage: ResultStage 1 (count at utils.scala:114)
20/07/15 00:20:34 INFO DAGScheduler: Parents of final stage: List(ShuffleMapStage 0)
20/07/15 00:20:34 INFO DAGScheduler: Missing parents: List(ShuffleMapStage 0)
20/07/15 00:20:35 INFO DAGScheduler: Submitting ShuffleMapStage 0 (MapPartitionsRDD[3] at count at utils.scala:114), which has no missing parents
20/07/15 00:20:35 INFO MemoryStore: Block broadcast_0 stored as values in memory (estimated size 7.9 KB, free 1216.4 MB)
20/07/15 00:20:35 INFO MemoryStore: Block broadcast_0_piece0 stored as bytes in memory (estimated size 4.2 KB, free 1216.4 MB)
20/07/15 00:20:35 INFO BlockManagerInfo: Added broadcast_0_piece0 in memory on 127.0.0.1:51441 (size: 4.2 KB, free: 1216.4 MB)
20/07/15 00:20:35 INFO SparkContext: Created broadcast 0 from broadcast at DAGScheduler.scala:1161
20/07/15 00:20:35 INFO DAGScheduler: Submitting 1 missing tasks from ShuffleMapStage 0 (MapPartitionsRDD[3] at count at utils.scala:114) (first 15 tasks are for partitions Vector(0))
20/07/15 00:20:35 INFO TaskSchedulerImpl: Adding task set 0.0 with 1 tasks
20/07/15 00:20:35 INFO TaskSetManager: Starting task 0.0 in stage 0.0 (TID 0, localhost, executor driver, partition 0, PROCESS_LOCAL, 7882 bytes)
20/07/15 00:20:35 INFO Executor: Running task 0.0 in stage 0.0 (TID 0)
20/07/15 00:20:35 INFO Executor: Fetching spark://127.0.0.1:51420/jars/sparklyr-2.4-2.11.jar with timestamp 1594786822922
20/07/15 00:20:35 INFO TransportClientFactory: Successfully created connection to /127.0.0.1:51420 after 32 ms (0 ms spent in bootstraps)
20/07/15 00:20:35 INFO Utils: Fetching spark://127.0.0.1:51420/jars/sparklyr-2.4-2.11.jar to C:\Users\Dell\AppData\Local\spark\spark-2.4.3-bin-hadoop2.7\tmp\local\spark-848e0a1f-ae9e-4746-81fb-e7cb66e3bbda\userFiles-89171ba6-8305-4093-af0e-6a4397fb61ce\fetchFileTemp6048038778363296530.tmp
20/07/15 00:20:35 INFO Executor: Adding file:/C:/Users/Dell/AppData/Local/spark/spark-2.4.3-bin-hadoop2.7/tmp/local/spark-848e0a1f-ae9e-4746-81fb-e7cb66e3bbda/userFiles-89171ba6-8305-4093-af0e-6a4397fb61ce/sparklyr-2.4-2.11.jar to class loader
20/07/15 00:20:36 INFO Executor: Finished task 0.0 in stage 0.0 (TID 0). 1585 bytes result sent to driver
20/07/15 00:20:36 INFO TaskSetManager: Finished task 0.0 in stage 0.0 (TID 0) in 800 ms on localhost (executor driver) (1/1)
20/07/15 00:20:36 INFO TaskSchedulerImpl: Removed TaskSet 0.0, whose tasks have all completed, from pool 
20/07/15 00:20:36 INFO DAGScheduler: ShuffleMapStage 0 (count at utils.scala:114) finished in 1,062 s
20/07/15 00:20:36 INFO DAGScheduler: looking for newly runnable stages
20/07/15 00:20:36 INFO DAGScheduler: running: Set()
20/07/15 00:20:36 INFO DAGScheduler: waiting: Set(ResultStage 1)
20/07/15 00:20:36 INFO DAGScheduler: failed: Set()
20/07/15 00:20:36 INFO DAGScheduler: Submitting ResultStage 1 (MapPartitionsRDD[6] at count at utils.scala:114), which has no missing parents
20/07/15 00:20:36 INFO MemoryStore: Block broadcast_1 stored as values in memory (estimated size 7.1 KB, free 1216.4 MB)
20/07/15 00:20:36 INFO MemoryStore: Block broadcast_1_piece0 stored as bytes in memory (estimated size 3.8 KB, free 1216.4 MB)
20/07/15 00:20:36 INFO BlockManagerInfo: Added broadcast_1_piece0 in memory on 127.0.0.1:51441 (size: 3.8 KB, free: 1216.4 MB)
20/07/15 00:20:36 INFO SparkContext: Created broadcast 1 from broadcast at DAGScheduler.scala:1161
20/07/15 00:20:36 INFO DAGScheduler: Submitting 1 missing tasks from ResultStage 1 (MapPartitionsRDD[6] at count at utils.scala:114) (first 15 tasks are for partitions Vector(0))
20/07/15 00:20:36 INFO TaskSchedulerImpl: Adding task set 1.0 with 1 tasks
20/07/15 00:20:36 INFO TaskSetManager: Starting task 0.0 in stage 1.0 (TID 1, localhost, executor driver, partition 0, ANY, 7767 bytes)
20/07/15 00:20:36 INFO Executor: Running task 0.0 in stage 1.0 (TID 1)
20/07/15 00:20:36 INFO ShuffleBlockFetcherIterator: Getting 1 non-empty blocks including 1 local blocks and 0 remote blocks
20/07/15 00:20:36 INFO ShuffleBlockFetcherIterator: Started 0 remote fetches in 21 ms
20/07/15 00:20:36 INFO Executor: Finished task 0.0 in stage 1.0 (TID 1). 1732 bytes result sent to driver
20/07/15 00:20:36 INFO TaskSetManager: Finished task 0.0 in stage 1.0 (TID 1) in 96 ms on localhost (executor driver) (1/1)
20/07/15 00:20:36 INFO TaskSchedulerImpl: Removed TaskSet 1.0, whose tasks have all completed, from pool 
20/07/15 00:20:36 INFO DAGScheduler: ResultStage 1 (count at utils.scala:114) finished in 0,117 s
20/07/15 00:20:36 INFO DAGScheduler: Job 0 finished: count at utils.scala:114, took 1,305167 s
20/07/15 00:21:38 INFO BlockManagerInfo: Removed broadcast_1_piece0 on 127.0.0.1:51441 in memory (size: 3.8 KB, free: 1216.4 MB)
20/07/15 00:35:19 INFO SparkContext: Invoking stop() from shutdown hook
20/07/15 00:35:19 INFO SparkUI: Stopped Spark web UI at http://127.0.0.1:4040
20/07/15 00:35:19 INFO MapOutputTrackerMasterEndpoint: MapOutputTrackerMasterEndpoint stopped!
20/07/15 00:35:19 INFO MemoryStore: MemoryStore cleared
20/07/15 00:35:19 INFO BlockManager: BlockManager stopped
20/07/15 00:35:19 INFO BlockManagerMaster: BlockManagerMaster stopped
20/07/15 00:35:19 INFO OutputCommitCoordinator$OutputCommitCoordinatorEndpoint: OutputCommitCoordinator stopped!
20/07/15 00:35:19 WARN SparkEnv: Exception while deleting Spark temp dir: C:\Users\Dell\AppData\Local\spark\spark-2.4.3-bin-hadoop2.7\tmp\local\spark-848e0a1f-ae9e-4746-81fb-e7cb66e3bbda\userFiles-89171ba6-8305-4093-af0e-6a4397fb61ce
java.io.IOException: Failed to delete: C:\Users\Dell\AppData\Local\spark\spark-2.4.3-bin-hadoop2.7\tmp\local\spark-848e0a1f-ae9e-4746-81fb-e7cb66e3bbda\userFiles-89171ba6-8305-4093-af0e-6a4397fb61ce\sparklyr-2.4-2.11.jar
	at org.apache.spark.network.util.JavaUtils.deleteRecursivelyUsingJavaIO(JavaUtils.java:144)
	at org.apache.spark.network.util.JavaUtils.deleteRecursively(JavaUtils.java:118)
	at org.apache.spark.network.util.JavaUtils.deleteRecursivelyUsingJavaIO(JavaUtils.java:128)
	at org.apache.spark.network.util.JavaUtils.deleteRecursively(JavaUtils.java:118)
	at org.apache.spark.network.util.JavaUtils.deleteRecursively(JavaUtils.java:91)
	at org.apache.spark.util.Utils$.deleteRecursively(Utils.scala:1062)
	at org.apache.spark.SparkEnv.stop(SparkEnv.scala:103)
	at org.apache.spark.SparkContext$$anonfun$stop$11.apply$mcV$sp(SparkContext.scala:1974)
	at org.apache.spark.util.Utils$.tryLogNonFatalError(Utils.scala:1340)
	at org.apache.spark.SparkContext.stop(SparkContext.scala:1973)
	at org.apache.spark.SparkContext$$anonfun$2.apply$mcV$sp(SparkContext.scala:575)
	at org.apache.spark.util.SparkShutdownHook.run(ShutdownHookManager.scala:216)
	at org.apache.spark.util.SparkShutdownHookManager$$anonfun$runAll$1$$anonfun$apply$mcV$sp$1.apply$mcV$sp(ShutdownHookManager.scala:188)
	at org.apache.spark.util.SparkShutdownHookManager$$anonfun$runAll$1$$anonfun$apply$mcV$sp$1.apply(ShutdownHookManager.scala:188)
	at org.apache.spark.util.SparkShutdownHookManager$$anonfun$runAll$1$$anonfun$apply$mcV$sp$1.apply(ShutdownHookManager.scala:188)
	at org.apache.spark.util.Utils$.logUncaughtExceptions(Utils.scala:1945)
	at org.apache.spark.util.SparkShutdownHookManager$$anonfun$runAll$1.apply$mcV$sp(ShutdownHookManager.scala:188)
	at org.apache.spark.util.SparkShutdownHookManager$$anonfun$runAll$1.apply(ShutdownHookManager.scala:188)
	at org.apache.spark.util.SparkShutdownHookManager$$anonfun$runAll$1.apply(ShutdownHookManager.scala:188)
	at scala.util.Try$.apply(Try.scala:192)
	at org.apache.spark.util.SparkShutdownHookManager.runAll(ShutdownHookManager.scala:188)
	at org.apache.spark.util.SparkShutdownHookManager$$anon$2.run(ShutdownHookManager.scala:178)
	at org.apache.hadoop.util.ShutdownHookManager$1.run(ShutdownHookManager.java:54)
20/07/15 00:35:19 INFO SparkContext: Successfully stopped SparkContext
20/07/15 00:35:19 INFO ShutdownHookManager: Shutdown hook called
20/07/15 00:35:19 INFO ShutdownHookManager: Deleting directory C:\Users\Dell\AppData\Local\spark\spark-2.4.3-bin-hadoop2.7\tmp\local\spark-848e0a1f-ae9e-4746-81fb-e7cb66e3bbda
20/07/15 00:35:19 ERROR ShutdownHookManager: Exception while deleting Spark temp dir: C:\Users\Dell\AppData\Local\spark\spark-2.4.3-bin-hadoop2.7\tmp\local\spark-848e0a1f-ae9e-4746-81fb-e7cb66e3bbda
java.io.IOException: Failed to delete: C:\Users\Dell\AppData\Local\spark\spark-2.4.3-bin-hadoop2.7\tmp\local\spark-848e0a1f-ae9e-4746-81fb-e7cb66e3bbda\userFiles-89171ba6-8305-4093-af0e-6a4397fb61ce\sparklyr-2.4-2.11.jar
	at org.apache.spark.network.util.JavaUtils.deleteRecursivelyUsingJavaIO(JavaUtils.java:144)
	at org.apache.spark.network.util.JavaUtils.deleteRecursively(JavaUtils.java:118)
	at org.apache.spark.network.util.JavaUtils.deleteRecursivelyUsingJavaIO(JavaUtils.java:128)
	at org.apache.spark.network.util.JavaUtils.deleteRecursively(JavaUtils.java:118)
	at org.apache.spark.network.util.JavaUtils.deleteRecursivelyUsingJavaIO(JavaUtils.java:128)
	at org.apache.spark.network.util.JavaUtils.deleteRecursively(JavaUtils.java:118)
	at org.apache.spark.network.util.JavaUtils.deleteRecursively(JavaUtils.java:91)
	at org.apache.spark.util.Utils$.deleteRecursively(Utils.scala:1062)
	at org.apache.spark.util.ShutdownHookManager$$anonfun$1$$anonfun$apply$mcV$sp$3.apply(ShutdownHookManager.scala:65)
	at org.apache.spark.util.ShutdownHookManager$$anonfun$1$$anonfun$apply$mcV$sp$3.apply(ShutdownHookManager.scala:62)
	at scala.collection.IndexedSeqOptimized$class.foreach(IndexedSeqOptimized.scala:33)
	at scala.collection.mutable.ArrayOps$ofRef.foreach(ArrayOps.scala:186)
	at org.apache.spark.util.ShutdownHookManager$$anonfun$1.apply$mcV$sp(ShutdownHookManager.scala:62)
	at org.apache.spark.util.SparkShutdownHook.run(ShutdownHookManager.scala:216)
	at org.apache.spark.util.SparkShutdownHookManager$$anonfun$runAll$1$$anonfun$apply$mcV$sp$1.apply$mcV$sp(ShutdownHookManager.scala:188)
	at org.apache.spark.util.SparkShutdownHookManager$$anonfun$runAll$1$$anonfun$apply$mcV$sp$1.apply(ShutdownHookManager.scala:188)
	at org.apache.spark.util.SparkShutdownHookManager$$anonfun$runAll$1$$anonfun$apply$mcV$sp$1.apply(ShutdownHookManager.scala:188)
	at org.apache.spark.util.Utils$.logUncaughtExceptions(Utils.scala:1945)
	at org.apache.spark.util.SparkShutdownHookManager$$anonfun$runAll$1.apply$mcV$sp(ShutdownHookManager.scala:188)
	at org.apache.spark.util.SparkShutdownHookManager$$anonfun$runAll$1.apply(ShutdownHookManager.scala:188)
	at org.apache.spark.util.SparkShutdownHookManager$$anonfun$runAll$1.apply(ShutdownHookManager.scala:188)
	at scala.util.Try$.apply(Try.scala:192)
	at org.apache.spark.util.SparkShutdownHookManager.runAll(ShutdownHookManager.scala:188)
	at org.apache.spark.util.SparkShutdownHookManager$$anon$2.run(ShutdownHookManager.scala:178)
	at org.apache.hadoop.util.ShutdownHookManager$1.run(ShutdownHookManager.java:54)
20/07/15 00:35:19 INFO ShutdownHookManager: Deleting directory C:\Users\Dell\AppData\Local\Temp\spark-3a9ee30f-42df-4680-b1d4-8acc4fb1a00b
20/07/15 00:35:19 INFO ShutdownHookManager: Deleting directory C:\Users\Dell\AppData\Local\spark\spark-2.4.3-bin-hadoop2.7\tmp\local\spark-848e0a1f-ae9e-4746-81fb-e7cb66e3bbda\userFiles-89171ba6-8305-4093-af0e-6a4397fb61ce
20/07/15 00:35:19 ERROR ShutdownHookManager: Exception while deleting Spark temp dir: C:\Users\Dell\AppData\Local\spark\spark-2.4.3-bin-hadoop2.7\tmp\local\spark-848e0a1f-ae9e-4746-81fb-e7cb66e3bbda\userFiles-89171ba6-8305-4093-af0e-6a4397fb61ce
java.io.IOException: Failed to delete: C:\Users\Dell\AppData\Local\spark\spark-2.4.3-bin-hadoop2.7\tmp\local\spark-848e0a1f-ae9e-4746-81fb-e7cb66e3bbda\userFiles-89171ba6-8305-4093-af0e-6a4397fb61ce\sparklyr-2.4-2.11.jar
	at org.apache.spark.network.util.JavaUtils.deleteRecursivelyUsingJavaIO(JavaUtils.java:144)
	at org.apache.spark.network.util.JavaUtils.deleteRecursively(JavaUtils.java:118)
	at org.apache.spark.network.util.JavaUtils.deleteRecursivelyUsingJavaIO(JavaUtils.java:128)
	at org.apache.spark.network.util.JavaUtils.deleteRecursively(JavaUtils.java:118)
	at org.apache.spark.network.util.JavaUtils.deleteRecursively(JavaUtils.java:91)
	at org.apache.spark.util.Utils$.deleteRecursively(Utils.scala:1062)
	at org.apache.spark.util.ShutdownHookManager$$anonfun$1$$anonfun$apply$mcV$sp$3.apply(ShutdownHookManager.scala:65)
	at org.apache.spark.util.ShutdownHookManager$$anonfun$1$$anonfun$apply$mcV$sp$3.apply(ShutdownHookManager.scala:62)
	at scala.collection.IndexedSeqOptimized$class.foreach(IndexedSeqOptimized.scala:33)
	at scala.collection.mutable.ArrayOps$ofRef.foreach(ArrayOps.scala:186)
	at org.apache.spark.util.ShutdownHookManager$$anonfun$1.apply$mcV$sp(ShutdownHookManager.scala:62)
	at org.apache.spark.util.SparkShutdownHook.run(ShutdownHookManager.scala:216)
	at org.apache.spark.util.SparkShutdownHookManager$$anonfun$runAll$1$$anonfun$apply$mcV$sp$1.apply$mcV$sp(ShutdownHookManager.scala:188)
	at org.apache.spark.util.SparkShutdownHookManager$$anonfun$runAll$1$$anonfun$apply$mcV$sp$1.apply(ShutdownHookManager.scala:188)
	at org.apache.spark.util.SparkShutdownHookManager$$anonfun$runAll$1$$anonfun$apply$mcV$sp$1.apply(ShutdownHookManager.scala:188)
	at org.apache.spark.util.Utils$.logUncaughtExceptions(Utils.scala:1945)
	at org.apache.spark.util.SparkShutdownHookManager$$anonfun$runAll$1.apply$mcV$sp(ShutdownHookManager.scala:188)
	at org.apache.spark.util.SparkShutdownHookManager$$anonfun$runAll$1.apply(ShutdownHookManager.scala:188)
	at org.apache.spark.util.SparkShutdownHookManager$$anonfun$runAll$1.apply(ShutdownHookManager.scala:188)
	at scala.util.Try$.apply(Try.scala:192)
	at org.apache.spark.util.SparkShutdownHookManager.runAll(ShutdownHookManager.scala:188)
	at org.apache.spark.util.SparkShutdownHookManager$$anon$2.run(ShutdownHookManager.scala:178)
	at org.apache.hadoop.util.ShutdownHookManager$1.run(ShutdownHookManager.java:54)
